{"C:\\Users\\jessi\\Downloads\\shareup-extracted\\middleware.ts": {"path":"C:\\Users\\jessi\\Downloads\\shareup-extracted\\middleware.ts","statementMap":{"0":{"start":{"line":40,"column":13},"end":{"line":40,"column":19}},"1":{"start":{"line":3,"column":0},"end":{"line":3,"column":15}},"2":{"start":{"line":1,"column":25},"end":{"line":1,"column":null}},"3":{"start":{"line":3,"column":15},"end":{"line":36,"column":null}},"4":{"start":{"line":6,"column":4},"end":{"line":6,"column":null}},"5":{"start":{"line":7,"column":4},"end":{"line":7,"column":null}},"6":{"start":{"line":12,"column":25},"end":{"line":12,"column":45}},"7":{"start":{"line":15,"column":8},"end":{"line":18,"column":null}},"8":{"start":{"line":16,"column":10},"end":{"line":16,"column":null}},"9":{"start":{"line":17,"column":10},"end":{"line":17,"column":null}},"10":{"start":{"line":21,"column":8},"end":{"line":24,"column":null}},"11":{"start":{"line":22,"column":10},"end":{"line":22,"column":null}},"12":{"start":{"line":23,"column":10},"end":{"line":23,"column":null}},"13":{"start":{"line":27,"column":28},"end":{"line":27,"column":null}},"14":{"start":{"line":28,"column":25},"end":{"line":28,"column":null}},"15":{"start":{"line":29,"column":8},"end":{"line":29,"column":null}},"16":{"start":{"line":30,"column":8},"end":{"line":30,"column":null}},"17":{"start":{"line":40,"column":22},"end":{"line":51,"column":null}}},"fnMap":{"0":{"name":"middleware","decl":{"start":{"line":4,"column":11},"end":{"line":4,"column":22}},"loc":{"start":{"line":4,"column":25},"end":{"line":8,"column":null}}},"1":{"name":"(anonymous_4)","decl":{"start":{"line":11,"column":18},"end":{"line":11,"column":19}},"loc":{"start":{"line":11,"column":33},"end":{"line":31,"column":null}}}},"branchMap":{"0":{"loc":{"start":{"line":15,"column":8},"end":{"line":18,"column":null}},"type":"if","locations":[{"start":{"line":15,"column":8},"end":{"line":18,"column":null}},{"start":{},"end":{}}]},"1":{"loc":{"start":{"line":21,"column":8},"end":{"line":24,"column":null}},"type":"if","locations":[{"start":{"line":21,"column":8},"end":{"line":24,"column":null}},{"start":{},"end":{}}]}},"s":{"0":0,"1":0,"2":0,"3":0,"4":0,"5":0,"6":0,"7":0,"8":0,"9":0,"10":0,"11":0,"12":0,"13":0,"14":0,"15":0,"16":0,"17":0},"f":{"0":0,"1":0},"b":{"0":[0,0],"1":[0,0]}}
,"C:\\Users\\jessi\\Downloads\\shareup-extracted\\tailwind.config.ts": {"path":"C:\\Users\\jessi\\Downloads\\shareup-extracted\\tailwind.config.ts","statementMap":{"0":{"start":{"line":106,"column":0},"end":{"line":106,"column":15}},"1":{"start":{"line":3,"column":23},"end":{"line":104,"column":null}},"2":{"start":{"line":106,"column":15},"end":{"line":106,"column":null}}},"fnMap":{},"branchMap":{},"s":{"0":0,"1":0,"2":0},"f":{},"b":{}}
,"C:\\Users\\jessi\\Downloads\\shareup-extracted\\app\\layout.tsx": {"path":"C:\\Users\\jessi\\Downloads\\shareup-extracted\\app\\layout.tsx","statementMap":{"0":{"start":{"line":104,"column":30},"end":{"line":104,"column":41}},"1":{"start":{"line":12,"column":13},"end":{"line":12,"column":21}},"2":{"start":{"line":98,"column":13},"end":{"line":98,"column":21}},"3":{"start":{"line":3,"column":22},"end":{"line":3,"column":null}},"4":{"start":{"line":4,"column":7},"end":{"line":4,"column":null}},"5":{"start":{"line":5,"column":24},"end":{"line":5,"column":null}},"6":{"start":{"line":6,"column":26},"end":{"line":6,"column":null}},"7":{"start":{"line":7,"column":33},"end":{"line":7,"column":null}},"8":{"start":{"line":8,"column":28},"end":{"line":8,"column":null}},"9":{"start":{"line":10,"column":14},"end":{"line":10,"column":null}},"10":{"start":{"line":12,"column":34},"end":{"line":95,"column":null}},"11":{"start":{"line":98,"column":34},"end":{"line":102,"column":null}},"12":{"start":{"line":109,"column":18},"end":{"line":109,"column":null}}},"fnMap":{"0":{"name":"RootLayout","decl":{"start":{"line":104,"column":30},"end":{"line":104,"column":41}},"loc":{"start":{"line":108,"column":1},"end":{"line":121,"column":1}}}},"branchMap":{},"s":{"0":0,"1":0,"2":0,"3":0,"4":0,"5":0,"6":0,"7":0,"8":0,"9":0,"10":0,"11":0,"12":0},"f":{"0":0},"b":{}}
,"C:\\Users\\jessi\\Downloads\\shareup-extracted\\app\\page.tsx": {"path":"C:\\Users\\jessi\\Downloads\\shareup-extracted\\app\\page.tsx","statementMap":{"0":{"start":{"line":7,"column":24},"end":{"line":7,"column":null}},"1":{"start":{"line":3,"column":25},"end":{"line":3,"column":null}},"2":{"start":{"line":4,"column":26},"end":{"line":4,"column":null}},"3":{"start":{"line":5,"column":23},"end":{"line":5,"column":null}},"4":{"start":{"line":8,"column":36},"end":{"line":8,"column":null}},"5":{"start":{"line":9,"column":17},"end":{"line":9,"column":null}},"6":{"start":{"line":11,"column":22},"end":{"line":16,"column":null}},"7":{"start":{"line":12,"column":4},"end":{"line":12,"column":null}},"8":{"start":{"line":13,"column":4},"end":{"line":15,"column":null}},"9":{"start":{"line":14,"column":6},"end":{"line":14,"column":null}}},"fnMap":{"0":{"name":"LandingPage","decl":{"start":{"line":7,"column":24},"end":{"line":7,"column":null}},"loc":{"start":{"line":7,"column":24},"end":{"line":97,"column":null}}},"1":{"name":"(anonymous_2)","decl":{"start":{"line":11,"column":22},"end":{"line":11,"column":null}},"loc":{"start":{"line":11,"column":22},"end":{"line":16,"column":null}}},"2":{"name":"(anonymous_3)","decl":{"start":{"line":13,"column":15},"end":{"line":13,"column":null}},"loc":{"start":{"line":13,"column":15},"end":{"line":15,"column":7}}}},"branchMap":{"0":{"loc":{"start":{"line":54,"column":15},"end":{"line":54,"column":null}},"type":"cond-expr","locations":[{"start":{"line":54,"column":27},"end":{"line":54,"column":42}},{"start":{"line":54,"column":42},"end":{"line":54,"column":null}}]}},"s":{"0":0,"1":0,"2":0,"3":0,"4":0,"5":0,"6":0,"7":0,"8":0,"9":0},"f":{"0":0,"1":0,"2":0},"b":{"0":[0,0]}}
,"C:\\Users\\jessi\\Downloads\\shareup-extracted\\app\\api\\auth\\[...nextauth]\\route.ts": {"path":"C:\\Users\\jessi\\Downloads\\shareup-extracted\\app\\api\\auth\\[...nextauth]\\route.ts","statementMap":{"0":{"start":{"line":6,"column":9},"end":{"line":6,"column":20}},"1":{"start":{"line":6,"column":25},"end":{"line":6,"column":36}},"2":{"start":{"line":1,"column":21},"end":{"line":1,"column":null}},"3":{"start":{"line":2,"column":28},"end":{"line":2,"column":null}},"4":{"start":{"line":4,"column":16},"end":{"line":4,"column":null}}},"fnMap":{},"branchMap":{},"s":{"0":0,"1":0,"2":0,"3":0,"4":0},"f":{},"b":{}}
,"C:\\Users\\jessi\\Downloads\\shareup-extracted\\app\\appointments\\page.tsx": {"path":"C:\\Users\\jessi\\Downloads\\shareup-extracted\\app\\appointments\\page.tsx","statementMap":{"0":{"start":{"line":13,"column":24},"end":{"line":13,"column":null}},"1":{"start":{"line":3,"column":37},"end":{"line":3,"column":null}},"2":{"start":{"line":4,"column":23},"end":{"line":4,"column":null}},"3":{"start":{"line":5,"column":31},"end":{"line":5,"column":null}},"4":{"start":{"line":6,"column":29},"end":{"line":6,"column":null}},"5":{"start":{"line":7,"column":35},"end":{"line":7,"column":null}},"6":{"start":{"line":8,"column":36},"end":{"line":8,"column":null}},"7":{"start":{"line":10,"column":57},"end":{"line":10,"column":null}},"8":{"start":{"line":11,"column":43},"end":{"line":11,"column":null}}},"fnMap":{"0":{"name":"AppointmentsPage","decl":{"start":{"line":13,"column":24},"end":{"line":13,"column":null}},"loc":{"start":{"line":13,"column":24},"end":{"line":90,"column":null}}}},"branchMap":{},"s":{"0":0,"1":0,"2":0,"3":0,"4":0,"5":0,"6":0,"7":0,"8":0},"f":{"0":0},"b":{}}
,"C:\\Users\\jessi\\Downloads\\shareup-extracted\\app\\dashboard\\page.tsx": {"path":"C:\\Users\\jessi\\Downloads\\shareup-extracted\\app\\dashboard\\page.tsx","statementMap":{"0":{"start":{"line":9,"column":24},"end":{"line":9,"column":null}},"1":{"start":{"line":3,"column":25},"end":{"line":3,"column":null}},"2":{"start":{"line":4,"column":24},"end":{"line":4,"column":null}},"3":{"start":{"line":5,"column":20},"end":{"line":5,"column":null}},"4":{"start":{"line":6,"column":19},"end":{"line":6,"column":null}},"5":{"start":{"line":7,"column":29},"end":{"line":7,"column":null}},"6":{"start":{"line":10,"column":30},"end":{"line":10,"column":null}},"7":{"start":{"line":11,"column":40},"end":{"line":11,"column":null}},"8":{"start":{"line":13,"column":2},"end":{"line":19,"column":null}},"9":{"start":{"line":21,"column":2},"end":{"line":30,"column":null}},"10":{"start":{"line":34,"column":51},"end":{"line":34,"column":null}},"11":{"start":{"line":36,"column":35},"end":{"line":36,"column":null}}},"fnMap":{"0":{"name":"DashboardPage","decl":{"start":{"line":9,"column":24},"end":{"line":9,"column":null}},"loc":{"start":{"line":9,"column":24},"end":{"line":43,"column":null}}},"1":{"name":"(anonymous_3)","decl":{"start":{"line":34,"column":45},"end":{"line":34,"column":51}},"loc":{"start":{"line":34,"column":51},"end":{"line":34,"column":null}}},"2":{"name":"(anonymous_4)","decl":{"start":{"line":36,"column":29},"end":{"line":36,"column":35}},"loc":{"start":{"line":36,"column":35},"end":{"line":36,"column":null}}}},"branchMap":{"0":{"loc":{"start":{"line":13,"column":2},"end":{"line":19,"column":null}},"type":"if","locations":[{"start":{"line":13,"column":2},"end":{"line":19,"column":null}},{"start":{},"end":{}}]},"1":{"loc":{"start":{"line":21,"column":2},"end":{"line":30,"column":null}},"type":"if","locations":[{"start":{"line":21,"column":2},"end":{"line":30,"column":null}},{"start":{},"end":{}}]}},"s":{"0":0,"1":0,"2":0,"3":0,"4":0,"5":0,"6":0,"7":0,"8":0,"9":0,"10":0,"11":0},"f":{"0":0,"1":0,"2":0},"b":{"0":[0,0],"1":[0,0]}}
,"C:\\Users\\jessi\\Downloads\\shareup-extracted\\app\\forgot-password\\page.tsx": {"path":"C:\\Users\\jessi\\Downloads\\shareup-extracted\\app\\forgot-password\\page.tsx","statementMap":{"0":{"start":{"line":12,"column":24},"end":{"line":12,"column":null}},"1":{"start":{"line":5,"column":25},"end":{"line":5,"column":null}},"2":{"start":{"line":6,"column":26},"end":{"line":6,"column":null}},"3":{"start":{"line":7,"column":17},"end":{"line":7,"column":null}},"4":{"start":{"line":8,"column":23},"end":{"line":8,"column":null}},"5":{"start":{"line":9,"column":22},"end":{"line":9,"column":null}},"6":{"start":{"line":10,"column":22},"end":{"line":10,"column":null}},"7":{"start":{"line":13,"column":28},"end":{"line":13,"column":null}},"8":{"start":{"line":14,"column":36},"end":{"line":14,"column":null}},"9":{"start":{"line":15,"column":40},"end":{"line":15,"column":null}},"10":{"start":{"line":16,"column":17},"end":{"line":16,"column":null}},"11":{"start":{"line":18,"column":23},"end":{"line":32,"column":null}},"12":{"start":{"line":19,"column":4},"end":{"line":19,"column":null}},"13":{"start":{"line":20,"column":4},"end":{"line":20,"column":null}},"14":{"start":{"line":22,"column":4},"end":{"line":31,"column":null}},"15":{"start":{"line":24,"column":6},"end":{"line":24,"column":null}},"16":{"start":{"line":24,"column":35},"end":{"line":24,"column":null}},"17":{"start":{"line":25,"column":6},"end":{"line":25,"column":null}},"18":{"start":{"line":27,"column":6},"end":{"line":27,"column":null}},"19":{"start":{"line":28,"column":6},"end":{"line":28,"column":null}},"20":{"start":{"line":30,"column":6},"end":{"line":30,"column":null}},"21":{"start":{"line":34,"column":2},"end":{"line":94,"column":null}},"22":{"start":{"line":78,"column":31},"end":{"line":78,"column":null}},"23":{"start":{"line":142,"column":33},"end":{"line":142,"column":null}}},"fnMap":{"0":{"name":"ForgotPasswordPage","decl":{"start":{"line":12,"column":24},"end":{"line":12,"column":null}},"loc":{"start":{"line":12,"column":24},"end":{"line":175,"column":null}}},"1":{"name":"(anonymous_3)","decl":{"start":{"line":18,"column":23},"end":{"line":18,"column":30}},"loc":{"start":{"line":18,"column":30},"end":{"line":32,"column":null}}},"2":{"name":"(anonymous_4)","decl":{"start":{"line":24,"column":24},"end":{"line":24,"column":35}},"loc":{"start":{"line":24,"column":35},"end":{"line":24,"column":null}}},"3":{"name":"(anonymous_5)","decl":{"start":{"line":78,"column":25},"end":{"line":78,"column":31}},"loc":{"start":{"line":78,"column":31},"end":{"line":78,"column":null}}},"4":{"name":"(anonymous_6)","decl":{"start":{"line":142,"column":26},"end":{"line":142,"column":27}},"loc":{"start":{"line":142,"column":33},"end":{"line":142,"column":null}}}},"branchMap":{"0":{"loc":{"start":{"line":34,"column":2},"end":{"line":94,"column":null}},"type":"if","locations":[{"start":{"line":34,"column":2},"end":{"line":94,"column":null}},{"start":{},"end":{}}]},"1":{"loc":{"start":{"line":153,"column":15},"end":{"line":153,"column":null}},"type":"cond-expr","locations":[{"start":{"line":153,"column":27},"end":{"line":153,"column":43}},{"start":{"line":153,"column":43},"end":{"line":153,"column":null}}]}},"s":{"0":0,"1":0,"2":0,"3":0,"4":0,"5":0,"6":0,"7":0,"8":0,"9":0,"10":0,"11":0,"12":0,"13":0,"14":0,"15":0,"16":0,"17":0,"18":0,"19":0,"20":0,"21":0,"22":0,"23":0},"f":{"0":0,"1":0,"2":0,"3":0,"4":0},"b":{"0":[0,0],"1":[0,0]}}
,"C:\\Users\\jessi\\Downloads\\shareup-extracted\\app\\home\\page.tsx": {"path":"C:\\Users\\jessi\\Downloads\\shareup-extracted\\app\\home\\page.tsx","statementMap":{"0":{"start":{"line":144,"column":24},"end":{"line":144,"column":null}},"1":{"start":{"line":3,"column":36},"end":{"line":3,"column":null}},"2":{"start":{"line":4,"column":24},"end":{"line":4,"column":null}},"3":{"start":{"line":5,"column":23},"end":{"line":5,"column":null}},"4":{"start":{"line":6,"column":23},"end":{"line":6,"column":null}},"5":{"start":{"line":7,"column":61},"end":{"line":7,"column":null}},"6":{"start":{"line":8,"column":35},"end":{"line":8,"column":null}},"7":{"start":{"line":9,"column":37},"end":{"line":9,"column":null}},"8":{"start":{"line":10,"column":26},"end":{"line":10,"column":null}},"9":{"start":{"line":12,"column":23},"end":{"line":55,"column":null}},"10":{"start":{"line":57,"column":22},"end":{"line":142,"column":null}},"11":{"start":{"line":145,"column":19},"end":{"line":145,"column":null}},"12":{"start":{"line":146,"column":42},"end":{"line":146,"column":null}},"13":{"start":{"line":147,"column":17},"end":{"line":147,"column":null}},"14":{"start":{"line":149,"column":20},"end":{"line":151,"column":null}},"15":{"start":{"line":150,"column":4},"end":{"line":150,"column":null}},"16":{"start":{"line":150,"column":30},"end":{"line":150,"column":64}},"17":{"start":{"line":153,"column":20},"end":{"line":155,"column":null}},"18":{"start":{"line":154,"column":4},"end":{"line":154,"column":null}},"19":{"start":{"line":154,"column":30},"end":{"line":154,"column":88}},"20":{"start":{"line":157,"column":2},"end":{"line":160,"column":null}},"21":{"start":{"line":158,"column":18},"end":{"line":158,"column":47}},"22":{"start":{"line":159,"column":4},"end":{"line":159,"column":null}},"23":{"start":{"line":159,"column":17},"end":{"line":159,"column":null}},"24":{"start":{"line":162,"column":2},"end":{"line":164,"column":null}},"25":{"start":{"line":191,"column":18},"end":{"line":191,"column":38}},"26":{"start":{"line":219,"column":16},"end":{"line":220,"column":null}},"27":{"start":{"line":221,"column":33},"end":{"line":221,"column":null}},"28":{"start":{"line":246,"column":14},"end":{"line":246,"column":62}},"29":{"start":{"line":254,"column":29},"end":{"line":254,"column":null}}},"fnMap":{"0":{"name":"HomePage","decl":{"start":{"line":144,"column":24},"end":{"line":144,"column":null}},"loc":{"start":{"line":144,"column":24},"end":{"line":263,"column":null}}},"1":{"name":"(anonymous_3)","decl":{"start":{"line":149,"column":20},"end":{"line":149,"column":null}},"loc":{"start":{"line":149,"column":20},"end":{"line":151,"column":null}}},"2":{"name":"(anonymous_4)","decl":{"start":{"line":150,"column":20},"end":{"line":150,"column":21}},"loc":{"start":{"line":150,"column":30},"end":{"line":150,"column":64}}},"3":{"name":"(anonymous_5)","decl":{"start":{"line":153,"column":20},"end":{"line":153,"column":null}},"loc":{"start":{"line":153,"column":20},"end":{"line":155,"column":null}}},"4":{"name":"(anonymous_6)","decl":{"start":{"line":154,"column":20},"end":{"line":154,"column":21}},"loc":{"start":{"line":154,"column":30},"end":{"line":154,"column":88}}},"5":{"name":"(anonymous_7)","decl":{"start":{"line":157,"column":12},"end":{"line":157,"column":null}},"loc":{"start":{"line":157,"column":12},"end":{"line":160,"column":5}}},"6":{"name":"(anonymous_8)","decl":{"start":{"line":159,"column":11},"end":{"line":159,"column":17}},"loc":{"start":{"line":159,"column":17},"end":{"line":159,"column":null}}},"7":{"name":"(anonymous_9)","decl":{"start":{"line":190,"column":36},"end":{"line":190,"column":37}},"loc":{"start":{"line":191,"column":18},"end":{"line":191,"column":38}}},"8":{"name":"(anonymous_10)","decl":{"start":{"line":218,"column":34},"end":{"line":218,"column":35}},"loc":{"start":{"line":219,"column":16},"end":{"line":220,"column":null}}},"9":{"name":"(anonymous_11)","decl":{"start":{"line":221,"column":27},"end":{"line":221,"column":33}},"loc":{"start":{"line":221,"column":33},"end":{"line":221,"column":null}}},"10":{"name":"(anonymous_12)","decl":{"start":{"line":245,"column":31},"end":{"line":245,"column":32}},"loc":{"start":{"line":246,"column":14},"end":{"line":246,"column":62}}},"11":{"name":"(anonymous_13)","decl":{"start":{"line":254,"column":23},"end":{"line":254,"column":29}},"loc":{"start":{"line":254,"column":29},"end":{"line":254,"column":null}}}},"branchMap":{"0":{"loc":{"start":{"line":162,"column":2},"end":{"line":164,"column":null}},"type":"if","locations":[{"start":{"line":162,"column":2},"end":{"line":164,"column":null}},{"start":{},"end":{}}]},"1":{"loc":{"start":{"line":223,"column":20},"end":{"line":223,"column":null}},"type":"cond-expr","locations":[{"start":{"line":223,"column":45},"end":{"line":223,"column":65}},{"start":{"line":223,"column":65},"end":{"line":223,"column":null}}]}},"s":{"0":0,"1":0,"2":0,"3":0,"4":0,"5":0,"6":0,"7":0,"8":0,"9":0,"10":0,"11":0,"12":0,"13":0,"14":0,"15":0,"16":0,"17":0,"18":0,"19":0,"20":0,"21":0,"22":0,"23":0,"24":0,"25":0,"26":0,"27":0,"28":0,"29":0},"f":{"0":0,"1":0,"2":0,"3":0,"4":0,"5":0,"6":0,"7":0,"8":0,"9":0,"10":0,"11":0},"b":{"0":[0,0],"1":[0,0]}}
,"C:\\Users\\jessi\\Downloads\\shareup-extracted\\app\\login\\page.tsx": {"path":"C:\\Users\\jessi\\Downloads\\shareup-extracted\\app\\login\\page.tsx","statementMap":{"0":{"start":{"line":14,"column":24},"end":{"line":14,"column":null}},"1":{"start":{"line":3,"column":43},"end":{"line":3,"column":null}},"2":{"start":{"line":4,"column":26},"end":{"line":4,"column":null}},"3":{"start":{"line":5,"column":27},"end":{"line":5,"column":null}},"4":{"start":{"line":6,"column":17},"end":{"line":6,"column":null}},"5":{"start":{"line":7,"column":23},"end":{"line":7,"column":null}},"6":{"start":{"line":8,"column":22},"end":{"line":8,"column":null}},"7":{"start":{"line":9,"column":22},"end":{"line":9,"column":null}},"8":{"start":{"line":10,"column":24},"end":{"line":10,"column":null}},"9":{"start":{"line":11,"column":59},"end":{"line":11,"column":null}},"10":{"start":{"line":12,"column":22},"end":{"line":12,"column":null}},"11":{"start":{"line":15,"column":28},"end":{"line":15,"column":null}},"12":{"start":{"line":16,"column":34},"end":{"line":16,"column":null}},"13":{"start":{"line":17,"column":42},"end":{"line":17,"column":null}},"14":{"start":{"line":18,"column":36},"end":{"line":18,"column":null}},"15":{"start":{"line":19,"column":80},"end":{"line":19,"column":null}},"16":{"start":{"line":20,"column":36},"end":{"line":20,"column":null}},"17":{"start":{"line":21,"column":17},"end":{"line":21,"column":null}},"18":{"start":{"line":24,"column":2},"end":{"line":29,"column":null}},"19":{"start":{"line":25,"column":4},"end":{"line":28,"column":null}},"20":{"start":{"line":26,"column":6},"end":{"line":26,"column":null}},"21":{"start":{"line":27,"column":6},"end":{"line":27,"column":null}},"22":{"start":{"line":31,"column":2},"end":{"line":36,"column":null}},"23":{"start":{"line":32,"column":4},"end":{"line":35,"column":null}},"24":{"start":{"line":33,"column":6},"end":{"line":33,"column":null}},"25":{"start":{"line":34,"column":6},"end":{"line":34,"column":null}},"26":{"start":{"line":38,"column":23},"end":{"line":51,"column":null}},"27":{"start":{"line":39,"column":4},"end":{"line":39,"column":null}},"28":{"start":{"line":40,"column":4},"end":{"line":40,"column":null}},"29":{"start":{"line":42,"column":4},"end":{"line":50,"column":null}},"30":{"start":{"line":43,"column":6},"end":{"line":43,"column":null}},"31":{"start":{"line":44,"column":6},"end":{"line":44,"column":null}},"32":{"start":{"line":46,"column":6},"end":{"line":46,"column":null}},"33":{"start":{"line":49,"column":6},"end":{"line":49,"column":null}},"34":{"start":{"line":53,"column":30},"end":{"line":60,"column":null}},"35":{"start":{"line":54,"column":4},"end":{"line":59,"column":null}},"36":{"start":{"line":55,"column":6},"end":{"line":55,"column":null}},"37":{"start":{"line":57,"column":6},"end":{"line":57,"column":null}},"38":{"start":{"line":58,"column":6},"end":{"line":58,"column":null}},"39":{"start":{"line":103,"column":33},"end":{"line":103,"column":null}},"40":{"start":{"line":119,"column":35},"end":{"line":119,"column":null}},"41":{"start":{"line":125,"column":33},"end":{"line":125,"column":null}},"42":{"start":{"line":153,"column":29},"end":{"line":153,"column":null}},"43":{"start":{"line":162,"column":29},"end":{"line":162,"column":null}},"44":{"start":{"line":171,"column":29},"end":{"line":171,"column":null}},"45":{"start":{"line":193,"column":18},"end":{"line":193,"column":null}},"46":{"start":{"line":194,"column":18},"end":{"line":194,"column":null}},"47":{"start":{"line":203,"column":18},"end":{"line":203,"column":null}},"48":{"start":{"line":204,"column":18},"end":{"line":204,"column":null}}},"fnMap":{"0":{"name":"LoginPage","decl":{"start":{"line":14,"column":24},"end":{"line":14,"column":null}},"loc":{"start":{"line":14,"column":24},"end":{"line":228,"column":null}}},"1":{"name":"(anonymous_6)","decl":{"start":{"line":24,"column":12},"end":{"line":24,"column":null}},"loc":{"start":{"line":24,"column":12},"end":{"line":29,"column":5}}},"2":{"name":"(anonymous_7)","decl":{"start":{"line":31,"column":12},"end":{"line":31,"column":null}},"loc":{"start":{"line":31,"column":12},"end":{"line":36,"column":5}}},"3":{"name":"(anonymous_8)","decl":{"start":{"line":38,"column":23},"end":{"line":38,"column":30}},"loc":{"start":{"line":38,"column":30},"end":{"line":51,"column":null}}},"4":{"name":"(anonymous_9)","decl":{"start":{"line":53,"column":30},"end":{"line":53,"column":37}},"loc":{"start":{"line":53,"column":37},"end":{"line":60,"column":null}}},"5":{"name":"(anonymous_10)","decl":{"start":{"line":103,"column":26},"end":{"line":103,"column":27}},"loc":{"start":{"line":103,"column":33},"end":{"line":103,"column":null}}},"6":{"name":"(anonymous_11)","decl":{"start":{"line":119,"column":28},"end":{"line":119,"column":29}},"loc":{"start":{"line":119,"column":35},"end":{"line":119,"column":null}}},"7":{"name":"(anonymous_12)","decl":{"start":{"line":125,"column":27},"end":{"line":125,"column":33}},"loc":{"start":{"line":125,"column":33},"end":{"line":125,"column":null}}},"8":{"name":"(anonymous_13)","decl":{"start":{"line":153,"column":23},"end":{"line":153,"column":29}},"loc":{"start":{"line":153,"column":29},"end":{"line":153,"column":null}}},"9":{"name":"(anonymous_14)","decl":{"start":{"line":162,"column":23},"end":{"line":162,"column":29}},"loc":{"start":{"line":162,"column":29},"end":{"line":162,"column":null}}},"10":{"name":"(anonymous_15)","decl":{"start":{"line":171,"column":23},"end":{"line":171,"column":29}},"loc":{"start":{"line":171,"column":29},"end":{"line":171,"column":null}}},"11":{"name":"(anonymous_16)","decl":{"start":{"line":192,"column":25},"end":{"line":192,"column":null}},"loc":{"start":{"line":192,"column":25},"end":{"line":195,"column":null}}},"12":{"name":"(anonymous_17)","decl":{"start":{"line":202,"column":25},"end":{"line":202,"column":null}},"loc":{"start":{"line":202,"column":25},"end":{"line":205,"column":null}}}},"branchMap":{"0":{"loc":{"start":{"line":25,"column":4},"end":{"line":28,"column":null}},"type":"if","locations":[{"start":{"line":25,"column":4},"end":{"line":28,"column":null}},{"start":{},"end":{}}]},"1":{"loc":{"start":{"line":25,"column":8},"end":{"line":25,"column":41}},"type":"binary-expr","locations":[{"start":{"line":25,"column":8},"end":{"line":25,"column":24}},{"start":{"line":25,"column":24},"end":{"line":25,"column":41}}]},"2":{"loc":{"start":{"line":32,"column":4},"end":{"line":35,"column":null}},"type":"if","locations":[{"start":{"line":32,"column":4},"end":{"line":35,"column":null}},{"start":{},"end":{}}]},"3":{"loc":{"start":{"line":32,"column":8},"end":{"line":32,"column":47}},"type":"binary-expr","locations":[{"start":{"line":32,"column":8},"end":{"line":32,"column":38}},{"start":{"line":32,"column":38},"end":{"line":32,"column":47}}]},"4":{"loc":{"start":{"line":116,"column":24},"end":{"line":116,"column":null}},"type":"cond-expr","locations":[{"start":{"line":116,"column":39},"end":{"line":116,"column":48}},{"start":{"line":116,"column":48},"end":{"line":116,"column":null}}]},"5":{"loc":{"start":{"line":128,"column":34},"end":{"line":128,"column":58}},"type":"cond-expr","locations":[{"start":{"line":128,"column":34},"end":{"line":128,"column":58}}]},"6":{"loc":{"start":{"line":138,"column":15},"end":{"line":138,"column":null}},"type":"cond-expr","locations":[{"start":{"line":138,"column":27},"end":{"line":138,"column":43}},{"start":{"line":138,"column":43},"end":{"line":138,"column":null}}]}},"s":{"0":0,"1":0,"2":0,"3":0,"4":0,"5":0,"6":0,"7":0,"8":0,"9":0,"10":0,"11":0,"12":0,"13":0,"14":0,"15":0,"16":0,"17":0,"18":0,"19":0,"20":0,"21":0,"22":0,"23":0,"24":0,"25":0,"26":0,"27":0,"28":0,"29":0,"30":0,"31":0,"32":0,"33":0,"34":0,"35":0,"36":0,"37":0,"38":0,"39":0,"40":0,"41":0,"42":0,"43":0,"44":0,"45":0,"46":0,"47":0,"48":0},"f":{"0":0,"1":0,"2":0,"3":0,"4":0,"5":0,"6":0,"7":0,"8":0,"9":0,"10":0,"11":0,"12":0},"b":{"0":[0,0],"1":[0,0],"2":[0,0],"3":[0,0],"4":[0,0],"5":[0],"6":[0,0]}}
,"C:\\Users\\jessi\\Downloads\\shareup-extracted\\app\\posts\\layout.tsx": {"path":"C:\\Users\\jessi\\Downloads\\shareup-extracted\\app\\posts\\layout.tsx","statementMap":{"0":{"start":{"line":22,"column":24},"end":{"line":22,"column":36}},"1":{"start":{"line":3,"column":13},"end":{"line":3,"column":21}},"2":{"start":{"line":3,"column":34},"end":{"line":20,"column":null}}},"fnMap":{"0":{"name":"PostsLayout","decl":{"start":{"line":22,"column":24},"end":{"line":22,"column":36}},"loc":{"start":{"line":26,"column":1},"end":{"line":28,"column":1}}}},"branchMap":{},"s":{"0":0,"1":0,"2":0},"f":{"0":0},"b":{}}
,"C:\\Users\\jessi\\Downloads\\shareup-extracted\\app\\posts\\loading.tsx": {"path":"C:\\Users\\jessi\\Downloads\\shareup-extracted\\app\\posts\\loading.tsx","statementMap":{"0":{"start":{"line":1,"column":24},"end":{"line":1,"column":null}},"1":{"start":{"line":2,"column":2},"end":{"line":2,"column":null}}},"fnMap":{"0":{"name":"Loading","decl":{"start":{"line":1,"column":24},"end":{"line":1,"column":null}},"loc":{"start":{"line":1,"column":24},"end":{"line":3,"column":null}}}},"branchMap":{},"s":{"0":0,"1":0},"f":{"0":0},"b":{}}
,"C:\\Users\\jessi\\Downloads\\shareup-extracted\\app\\posts\\page.tsx": {"path":"C:\\Users\\jessi\\Downloads\\shareup-extracted\\app\\posts\\page.tsx","statementMap":{"0":{"start":{"line":638,"column":24},"end":{"line":638,"column":null}},"1":{"start":{"line":3,"column":52},"end":{"line":3,"column":null}},"2":{"start":{"line":5,"column":22},"end":{"line":5,"column":null}},"3":{"start":{"line":6,"column":23},"end":{"line":6,"column":null}},"4":{"start":{"line":7,"column":22},"end":{"line":7,"column":null}},"5":{"start":{"line":8,"column":78},"end":{"line":8,"column":null}},"6":{"start":{"line":9,"column":98},"end":{"line":9,"column":null}},"7":{"start":{"line":10,"column":21},"end":{"line":10,"column":null}},"8":{"start":{"line":11,"column":28},"end":{"line":11,"column":null}},"9":{"start":{"line":12,"column":28},"end":{"line":12,"column":null}},"10":{"start":{"line":13,"column":51},"end":{"line":13,"column":null}},"11":{"start":{"line":15,"column":26},"end":{"line":361,"column":null}},"12":{"start":{"line":363,"column":19},"end":{"line":363,"column":null}},"13":{"start":{"line":366,"column":50},"end":{"line":366,"column":null}},"14":{"start":{"line":367,"column":50},"end":{"line":367,"column":null}},"15":{"start":{"line":368,"column":40},"end":{"line":368,"column":null}},"16":{"start":{"line":369,"column":30},"end":{"line":369,"column":null}},"17":{"start":{"line":370,"column":52},"end":{"line":370,"column":null}},"18":{"start":{"line":371,"column":42},"end":{"line":371,"column":null}},"19":{"start":{"line":372,"column":40},"end":{"line":372,"column":null}},"20":{"start":{"line":373,"column":23},"end":{"line":373,"column":null}},"21":{"start":{"line":376,"column":19},"end":{"line":376,"column":null}},"22":{"start":{"line":378,"column":24},"end":{"line":422,"column":null}},"23":{"start":{"line":379,"column":19},"end":{"line":379,"column":null}},"24":{"start":{"line":382,"column":4},"end":{"line":395,"column":null}},"25":{"start":{"line":384,"column":53},"end":{"line":392,"column":null}},"26":{"start":{"line":393,"column":29},"end":{"line":393,"column":null}},"27":{"start":{"line":394,"column":6},"end":{"line":394,"column":null}},"28":{"start":{"line":394,"column":43},"end":{"line":394,"column":null}},"29":{"start":{"line":398,"column":4},"end":{"line":405,"column":null}},"30":{"start":{"line":399,"column":6},"end":{"line":403,"column":null}},"31":{"start":{"line":401,"column":10},"end":{"line":403,"column":null}},"32":{"start":{"line":403,"column":34},"end":{"line":403,"column":null}},"33":{"start":{"line":408,"column":4},"end":{"line":419,"column":null}},"34":{"start":{"line":410,"column":8},"end":{"line":410,"column":null}},"35":{"start":{"line":410,"column":32},"end":{"line":410,"column":49}},"36":{"start":{"line":411,"column":8},"end":{"line":411,"column":null}},"37":{"start":{"line":413,"column":8},"end":{"line":413,"column":null}},"38":{"start":{"line":413,"column":32},"end":{"line":413,"column":65}},"39":{"start":{"line":414,"column":8},"end":{"line":414,"column":null}},"40":{"start":{"line":417,"column":8},"end":{"line":417,"column":null}},"41":{"start":{"line":417,"column":32},"end":{"line":417,"column":null}},"42":{"start":{"line":418,"column":8},"end":{"line":418,"column":null}},"43":{"start":{"line":421,"column":4},"end":{"line":421,"column":null}},"44":{"start":{"line":424,"column":32},"end":{"line":424,"column":52}},"45":{"start":{"line":425,"column":21},"end":{"line":425,"column":null}},"46":{"start":{"line":426,"column":21},"end":{"line":426,"column":null}},"47":{"start":{"line":427,"column":19},"end":{"line":427,"column":null}},"48":{"start":{"line":428,"column":23},"end":{"line":428,"column":null}},"49":{"start":{"line":430,"column":26},"end":{"line":433,"column":null}},"50":{"start":{"line":431,"column":4},"end":{"line":431,"column":null}},"51":{"start":{"line":432,"column":4},"end":{"line":432,"column":null}},"52":{"start":{"line":435,"column":27},"end":{"line":438,"column":null}},"53":{"start":{"line":436,"column":4},"end":{"line":436,"column":null}},"54":{"start":{"line":437,"column":4},"end":{"line":437,"column":null}},"55":{"start":{"line":441,"column":31},"end":{"line":444,"column":null}},"56":{"start":{"line":442,"column":4},"end":{"line":442,"column":null}},"57":{"start":{"line":443,"column":4},"end":{"line":443,"column":null}},"58":{"start":{"line":446,"column":29},"end":{"line":449,"column":null}},"59":{"start":{"line":447,"column":4},"end":{"line":447,"column":null}},"60":{"start":{"line":448,"column":4},"end":{"line":448,"column":null}},"61":{"start":{"line":469,"column":27},"end":{"line":469,"column":null}},"62":{"start":{"line":485,"column":31},"end":{"line":485,"column":null}},"63":{"start":{"line":513,"column":12},"end":{"line":514,"column":null}},"64":{"start":{"line":521,"column":29},"end":{"line":521,"column":null}},"65":{"start":{"line":527,"column":67},"end":{"line":535,"column":null}},"66":{"start":{"line":536,"column":20},"end":{"line":536,"column":null}},"67":{"start":{"line":549,"column":16},"end":{"line":549,"column":35}},"68":{"start":{"line":550,"column":55},"end":{"line":550,"column":null}},"69":{"start":{"line":561,"column":33},"end":{"line":561,"column":null}},"70":{"start":{"line":568,"column":76},"end":{"line":568,"column":83}},"71":{"start":{"line":569,"column":18},"end":{"line":570,"column":null}},"72":{"start":{"line":578,"column":35},"end":{"line":578,"column":null}},"73":{"start":{"line":590,"column":37},"end":{"line":590,"column":null}},"74":{"start":{"line":600,"column":33},"end":{"line":600,"column":null}},"75":{"start":{"line":617,"column":16},"end":{"line":617,"column":null}},"76":{"start":{"line":618,"column":16},"end":{"line":618,"column":null}},"77":{"start":{"line":630,"column":65},"end":{"line":630,"column":null}},"78":{"start":{"line":632,"column":84},"end":{"line":632,"column":null}}},"fnMap":{"0":{"name":"PostsContent","decl":{"start":{"line":365,"column":9},"end":{"line":365,"column":null}},"loc":{"start":{"line":365,"column":9},"end":{"line":636,"column":null}}},"1":{"name":"(anonymous_6)","decl":{"start":{"line":378,"column":32},"end":{"line":378,"column":null}},"loc":{"start":{"line":378,"column":32},"end":{"line":422,"column":5}}},"2":{"name":"(anonymous_7)","decl":{"start":{"line":394,"column":33},"end":{"line":394,"column":34}},"loc":{"start":{"line":394,"column":43},"end":{"line":394,"column":null}}},"3":{"name":"(anonymous_8)","decl":{"start":{"line":400,"column":8},"end":{"line":400,"column":9}},"loc":{"start":{"line":401,"column":10},"end":{"line":403,"column":null}}},"4":{"name":"(anonymous_9)","decl":{"start":{"line":403,"column":25},"end":{"line":403,"column":26}},"loc":{"start":{"line":403,"column":34},"end":{"line":403,"column":null}}},"5":{"name":"(anonymous_10)","decl":{"start":{"line":410,"column":22},"end":{"line":410,"column":23}},"loc":{"start":{"line":410,"column":32},"end":{"line":410,"column":49}}},"6":{"name":"(anonymous_11)","decl":{"start":{"line":413,"column":22},"end":{"line":413,"column":23}},"loc":{"start":{"line":413,"column":32},"end":{"line":413,"column":65}}},"7":{"name":"(anonymous_12)","decl":{"start":{"line":417,"column":22},"end":{"line":417,"column":23}},"loc":{"start":{"line":417,"column":32},"end":{"line":417,"column":null}}},"8":{"name":"(anonymous_13)","decl":{"start":{"line":430,"column":26},"end":{"line":430,"column":27}},"loc":{"start":{"line":430,"column":27},"end":{"line":433,"column":null}}},"9":{"name":"(anonymous_14)","decl":{"start":{"line":435,"column":27},"end":{"line":435,"column":28}},"loc":{"start":{"line":435,"column":28},"end":{"line":438,"column":null}}},"10":{"name":"(anonymous_15)","decl":{"start":{"line":441,"column":31},"end":{"line":441,"column":32}},"loc":{"start":{"line":441,"column":32},"end":{"line":444,"column":null}}},"11":{"name":"(anonymous_16)","decl":{"start":{"line":446,"column":29},"end":{"line":446,"column":30}},"loc":{"start":{"line":446,"column":30},"end":{"line":449,"column":null}}},"12":{"name":"(anonymous_17)","decl":{"start":{"line":469,"column":21},"end":{"line":469,"column":27}},"loc":{"start":{"line":469,"column":27},"end":{"line":469,"column":null}}},"13":{"name":"(anonymous_18)","decl":{"start":{"line":485,"column":24},"end":{"line":485,"column":25}},"loc":{"start":{"line":485,"column":31},"end":{"line":485,"column":null}}},"14":{"name":"(anonymous_19)","decl":{"start":{"line":512,"column":26},"end":{"line":512,"column":27}},"loc":{"start":{"line":513,"column":12},"end":{"line":514,"column":null}}},"15":{"name":"(anonymous_20)","decl":{"start":{"line":521,"column":23},"end":{"line":521,"column":29}},"loc":{"start":{"line":521,"column":29},"end":{"line":521,"column":null}}},"16":{"name":"(anonymous_21)","decl":{"start":{"line":526,"column":35},"end":{"line":526,"column":36}},"loc":{"start":{"line":526,"column":36},"end":{"line":537,"column":21}}},"17":{"name":"(anonymous_22)","decl":{"start":{"line":548,"column":32},"end":{"line":548,"column":33}},"loc":{"start":{"line":549,"column":16},"end":{"line":549,"column":35}}},"18":{"name":"(anonymous_23)","decl":{"start":{"line":550,"column":49},"end":{"line":550,"column":55}},"loc":{"start":{"line":550,"column":55},"end":{"line":550,"column":null}}},"19":{"name":"(anonymous_24)","decl":{"start":{"line":561,"column":27},"end":{"line":561,"column":33}},"loc":{"start":{"line":561,"column":33},"end":{"line":561,"column":null}}},"20":{"name":"(anonymous_25)","decl":{"start":{"line":568,"column":66},"end":{"line":568,"column":67}},"loc":{"start":{"line":568,"column":76},"end":{"line":568,"column":83}}},"21":{"name":"(anonymous_26)","decl":{"start":{"line":568,"column":87},"end":{"line":568,"column":88}},"loc":{"start":{"line":569,"column":18},"end":{"line":570,"column":null}}},"22":{"name":"(anonymous_27)","decl":{"start":{"line":578,"column":29},"end":{"line":578,"column":35}},"loc":{"start":{"line":578,"column":35},"end":{"line":578,"column":null}}},"23":{"name":"(anonymous_28)","decl":{"start":{"line":590,"column":31},"end":{"line":590,"column":37}},"loc":{"start":{"line":590,"column":37},"end":{"line":590,"column":null}}},"24":{"name":"(anonymous_29)","decl":{"start":{"line":600,"column":27},"end":{"line":600,"column":33}},"loc":{"start":{"line":600,"column":33},"end":{"line":600,"column":null}}},"25":{"name":"(anonymous_30)","decl":{"start":{"line":616,"column":23},"end":{"line":616,"column":null}},"loc":{"start":{"line":616,"column":23},"end":{"line":619,"column":null}}},"26":{"name":"(anonymous_31)","decl":{"start":{"line":630,"column":59},"end":{"line":630,"column":65}},"loc":{"start":{"line":630,"column":65},"end":{"line":630,"column":null}}},"27":{"name":"(anonymous_32)","decl":{"start":{"line":632,"column":78},"end":{"line":632,"column":84}},"loc":{"start":{"line":632,"column":84},"end":{"line":632,"column":null}}},"28":{"name":"PostsPage","decl":{"start":{"line":638,"column":24},"end":{"line":638,"column":null}},"loc":{"start":{"line":638,"column":24},"end":{"line":644,"column":null}}}},"branchMap":{"0":{"loc":{"start":{"line":376,"column":19},"end":{"line":376,"column":null}},"type":"cond-expr","locations":[{"start":{"line":376,"column":45},"end":{"line":376,"column":60}},{"start":{"line":376,"column":60},"end":{"line":376,"column":null}}]},"1":{"loc":{"start":{"line":382,"column":4},"end":{"line":395,"column":null}},"type":"if","locations":[{"start":{"line":382,"column":4},"end":{"line":395,"column":null}},{"start":{},"end":{}}]},"2":{"loc":{"start":{"line":393,"column":29},"end":{"line":393,"column":null}},"type":"binary-expr","locations":[{"start":{"line":393,"column":29},"end":{"line":393,"column":58}},{"start":{"line":393,"column":62},"end":{"line":393,"column":null}}]},"3":{"loc":{"start":{"line":398,"column":4},"end":{"line":405,"column":null}},"type":"if","locations":[{"start":{"line":398,"column":4},"end":{"line":405,"column":null}},{"start":{},"end":{}}]},"4":{"loc":{"start":{"line":401,"column":10},"end":{"line":403,"column":null}},"type":"binary-expr","locations":[{"start":{"line":401,"column":10},"end":{"line":401,"column":null}},{"start":{"line":402,"column":10},"end":{"line":402,"column":null}},{"start":{"line":403,"column":10},"end":{"line":403,"column":null}}]},"5":{"loc":{"start":{"line":408,"column":4},"end":{"line":419,"column":null}},"type":"switch","locations":[{"start":{"line":409,"column":6},"end":{"line":411,"column":null}},{"start":{"line":412,"column":6},"end":{"line":414,"column":null}},{"start":{"line":415,"column":6},"end":{"line":415,"column":null}},{"start":{"line":416,"column":6},"end":{"line":418,"column":null}}]},"6":{"loc":{"start":{"line":461,"column":15},"end":{"line":461,"column":null}},"type":"binary-expr","locations":[{"start":{"line":461,"column":15},"end":{"line":461,"column":null}}]},"7":{"loc":{"start":{"line":515,"column":23},"end":{"line":515,"column":null}},"type":"cond-expr","locations":[{"start":{"line":515,"column":55},"end":{"line":515,"column":67}},{"start":{"line":515,"column":67},"end":{"line":515,"column":null}}]},"8":{"loc":{"start":{"line":517,"column":16},"end":{"line":519,"column":null}},"type":"cond-expr","locations":[{"start":{"line":518,"column":20},"end":{"line":518,"column":null}},{"start":{"line":519,"column":20},"end":{"line":519,"column":null}}]},"9":{"loc":{"start":{"line":524,"column":15},"end":{"line":524,"column":null}},"type":"binary-expr","locations":[{"start":{"line":524,"column":15},"end":{"line":524,"column":null}}]},"10":{"loc":{"start":{"line":536,"column":46},"end":{"line":536,"column":78}},"type":"binary-expr","locations":[{"start":{"line":536,"column":46},"end":{"line":536,"column":67}},{"start":{"line":536,"column":71},"end":{"line":536,"column":78}}]},"11":{"loc":{"start":{"line":546,"column":10},"end":{"line":609,"column":11}},"type":"cond-expr","locations":[{"start":{"line":546,"column":10},"end":{"line":609,"column":11}}]},"12":{"loc":{"start":{"line":556,"column":13},"end":{"line":556,"column":null}},"type":"binary-expr","locations":[{"start":{"line":556,"column":13},"end":{"line":556,"column":null}}]},"13":{"loc":{"start":{"line":571,"column":29},"end":{"line":571,"column":null}},"type":"cond-expr","locations":[{"start":{"line":571,"column":52},"end":{"line":571,"column":64}},{"start":{"line":571,"column":64},"end":{"line":571,"column":null}}]},"14":{"loc":{"start":{"line":574,"column":22},"end":{"line":576,"column":null}},"type":"cond-expr","locations":[{"start":{"line":575,"column":26},"end":{"line":575,"column":null}},{"start":{"line":576,"column":26},"end":{"line":576,"column":null}}]},"15":{"loc":{"start":{"line":584,"column":17},"end":{"line":584,"column":null}},"type":"binary-expr","locations":[{"start":{"line":584,"column":17},"end":{"line":584,"column":null}}]},"16":{"loc":{"start":{"line":631,"column":7},"end":{"line":631,"column":null}},"type":"binary-expr","locations":[{"start":{"line":631,"column":7},"end":{"line":631,"column":null}}]}},"s":{"0":0,"1":0,"2":0,"3":0,"4":0,"5":0,"6":0,"7":0,"8":0,"9":0,"10":0,"11":0,"12":0,"13":0,"14":0,"15":0,"16":0,"17":0,"18":0,"19":0,"20":0,"21":0,"22":0,"23":0,"24":0,"25":0,"26":0,"27":0,"28":0,"29":0,"30":0,"31":0,"32":0,"33":0,"34":0,"35":0,"36":0,"37":0,"38":0,"39":0,"40":0,"41":0,"42":0,"43":0,"44":0,"45":0,"46":0,"47":0,"48":0,"49":0,"50":0,"51":0,"52":0,"53":0,"54":0,"55":0,"56":0,"57":0,"58":0,"59":0,"60":0,"61":0,"62":0,"63":0,"64":0,"65":0,"66":0,"67":0,"68":0,"69":0,"70":0,"71":0,"72":0,"73":0,"74":0,"75":0,"76":0,"77":0,"78":0},"f":{"0":0,"1":0,"2":0,"3":0,"4":0,"5":0,"6":0,"7":0,"8":0,"9":0,"10":0,"11":0,"12":0,"13":0,"14":0,"15":0,"16":0,"17":0,"18":0,"19":0,"20":0,"21":0,"22":0,"23":0,"24":0,"25":0,"26":0,"27":0,"28":0},"b":{"0":[0,0],"1":[0,0],"2":[0,0],"3":[0,0],"4":[0,0,0],"5":[0,0,0,0],"6":[0],"7":[0,0],"8":[0,0],"9":[0],"10":[0,0],"11":[0],"12":[0],"13":[0,0],"14":[0,0],"15":[0],"16":[0]}}
,"C:\\Users\\jessi\\Downloads\\shareup-extracted\\app\\professionals\\layout.tsx": {"path":"C:\\Users\\jessi\\Downloads\\shareup-extracted\\app\\professionals\\layout.tsx","statementMap":{"0":{"start":{"line":22,"column":24},"end":{"line":22,"column":44}},"1":{"start":{"line":3,"column":13},"end":{"line":3,"column":21}},"2":{"start":{"line":3,"column":34},"end":{"line":20,"column":null}}},"fnMap":{"0":{"name":"ProfessionalsLayout","decl":{"start":{"line":22,"column":24},"end":{"line":22,"column":44}},"loc":{"start":{"line":26,"column":1},"end":{"line":28,"column":1}}}},"branchMap":{},"s":{"0":0,"1":0,"2":0},"f":{"0":0},"b":{}}
,"C:\\Users\\jessi\\Downloads\\shareup-extracted\\app\\professionals\\loading.tsx": {"path":"C:\\Users\\jessi\\Downloads\\shareup-extracted\\app\\professionals\\loading.tsx","statementMap":{"0":{"start":{"line":1,"column":24},"end":{"line":1,"column":null}},"1":{"start":{"line":2,"column":2},"end":{"line":2,"column":null}}},"fnMap":{"0":{"name":"Loading","decl":{"start":{"line":1,"column":24},"end":{"line":1,"column":null}},"loc":{"start":{"line":1,"column":24},"end":{"line":3,"column":null}}}},"branchMap":{},"s":{"0":0,"1":0},"f":{"0":0},"b":{}}
,"C:\\Users\\jessi\\Downloads\\shareup-extracted\\app\\professionals\\page.tsx": {"path":"C:\\Users\\jessi\\Downloads\\shareup-extracted\\app\\professionals\\page.tsx","statementMap":{"0":{"start":{"line":235,"column":24},"end":{"line":235,"column":null}},"1":{"start":{"line":3,"column":34},"end":{"line":3,"column":null}},"2":{"start":{"line":4,"column":23},"end":{"line":4,"column":null}},"3":{"start":{"line":5,"column":37},"end":{"line":5,"column":null}},"4":{"start":{"line":6,"column":23},"end":{"line":6,"column":null}},"5":{"start":{"line":7,"column":22},"end":{"line":7,"column":null}},"6":{"start":{"line":8,"column":22},"end":{"line":8,"column":null}},"7":{"start":{"line":9,"column":78},"end":{"line":9,"column":null}},"8":{"start":{"line":10,"column":70},"end":{"line":10,"column":null}},"9":{"start":{"line":12,"column":22},"end":{"line":205,"column":null}},"10":{"start":{"line":206,"column":19},"end":{"line":219,"column":null}},"11":{"start":{"line":221,"column":18},"end":{"line":231,"column":null}},"12":{"start":{"line":233,"column":25},"end":{"line":233,"column":null}},"13":{"start":{"line":236,"column":40},"end":{"line":236,"column":null}},"14":{"start":{"line":237,"column":50},"end":{"line":237,"column":null}},"15":{"start":{"line":238,"column":50},"end":{"line":238,"column":null}},"16":{"start":{"line":239,"column":54},"end":{"line":239,"column":null}},"17":{"start":{"line":240,"column":30},"end":{"line":240,"column":null}},"18":{"start":{"line":241,"column":38},"end":{"line":241,"column":null}},"19":{"start":{"line":242,"column":34},"end":{"line":242,"column":null}},"20":{"start":{"line":243,"column":40},"end":{"line":243,"column":null}},"21":{"start":{"line":244,"column":23},"end":{"line":244,"column":null}},"22":{"start":{"line":245,"column":40},"end":{"line":245,"column":null}},"23":{"start":{"line":247,"column":32},"end":{"line":324,"column":null}},"24":{"start":{"line":248,"column":19},"end":{"line":248,"column":null}},"25":{"start":{"line":251,"column":4},"end":{"line":259,"column":null}},"26":{"start":{"line":252,"column":6},"end":{"line":257,"column":null}},"27":{"start":{"line":254,"column":10},"end":{"line":257,"column":null}},"28":{"start":{"line":257,"column":46},"end":{"line":257,"column":null}},"29":{"start":{"line":262,"column":4},"end":{"line":264,"column":null}},"30":{"start":{"line":263,"column":6},"end":{"line":263,"column":null}},"31":{"start":{"line":263,"column":51},"end":{"line":263,"column":null}},"32":{"start":{"line":266,"column":4},"end":{"line":268,"column":null}},"33":{"start":{"line":267,"column":6},"end":{"line":267,"column":null}},"34":{"start":{"line":267,"column":51},"end":{"line":267,"column":null}},"35":{"start":{"line":271,"column":4},"end":{"line":298,"column":null}},"36":{"start":{"line":272,"column":6},"end":{"line":297,"column":null}},"37":{"start":{"line":273,"column":27},"end":{"line":273,"column":50}},"38":{"start":{"line":274,"column":8},"end":{"line":296,"column":null}},"39":{"start":{"line":276,"column":12},"end":{"line":276,"column":null}},"40":{"start":{"line":278,"column":12},"end":{"line":282,"column":null}},"41":{"start":{"line":285,"column":12},"end":{"line":290,"column":null}},"42":{"start":{"line":293,"column":12},"end":{"line":293,"column":null}},"43":{"start":{"line":295,"column":12},"end":{"line":295,"column":null}},"44":{"start":{"line":300,"column":4},"end":{"line":302,"column":null}},"45":{"start":{"line":301,"column":6},"end":{"line":301,"column":null}},"46":{"start":{"line":301,"column":51},"end":{"line":301,"column":72}},"47":{"start":{"line":305,"column":4},"end":{"line":321,"column":null}},"48":{"start":{"line":307,"column":8},"end":{"line":307,"column":null}},"49":{"start":{"line":307,"column":32},"end":{"line":307,"column":51}},"50":{"start":{"line":308,"column":8},"end":{"line":308,"column":null}},"51":{"start":{"line":310,"column":8},"end":{"line":310,"column":null}},"52":{"start":{"line":310,"column":32},"end":{"line":310,"column":75}},"53":{"start":{"line":311,"column":8},"end":{"line":311,"column":null}},"54":{"start":{"line":313,"column":8},"end":{"line":313,"column":null}},"55":{"start":{"line":313,"column":32},"end":{"line":313,"column":null}},"56":{"start":{"line":314,"column":8},"end":{"line":314,"column":null}},"57":{"start":{"line":317,"column":8},"end":{"line":317,"column":null}},"58":{"start":{"line":317,"column":28},"end":{"line":317,"column":null}},"59":{"start":{"line":318,"column":8},"end":{"line":318,"column":null}},"60":{"start":{"line":320,"column":8},"end":{"line":320,"column":null}},"61":{"start":{"line":323,"column":4},"end":{"line":323,"column":null}},"62":{"start":{"line":327,"column":21},"end":{"line":327,"column":null}},"63":{"start":{"line":328,"column":21},"end":{"line":328,"column":null}},"64":{"start":{"line":329,"column":33},"end":{"line":329,"column":null}},"65":{"start":{"line":330,"column":23},"end":{"line":337,"column":null}},"66":{"start":{"line":331,"column":4},"end":{"line":331,"column":null}},"67":{"start":{"line":332,"column":4},"end":{"line":332,"column":null}},"68":{"start":{"line":333,"column":4},"end":{"line":333,"column":null}},"69":{"start":{"line":334,"column":4},"end":{"line":334,"column":null}},"70":{"start":{"line":335,"column":4},"end":{"line":335,"column":null}},"71":{"start":{"line":336,"column":4},"end":{"line":336,"column":null}},"72":{"start":{"line":359,"column":49},"end":{"line":359,"column":59}},"73":{"start":{"line":362,"column":59},"end":{"line":362,"column":69}},"74":{"start":{"line":370,"column":29},"end":{"line":370,"column":null}},"75":{"start":{"line":382,"column":29},"end":{"line":382,"column":null}},"76":{"start":{"line":390,"column":29},"end":{"line":390,"column":null}},"77":{"start":{"line":409,"column":37},"end":{"line":409,"column":null}},"78":{"start":{"line":422,"column":20},"end":{"line":422,"column":47}},"79":{"start":{"line":437,"column":20},"end":{"line":437,"column":47}},"80":{"start":{"line":454,"column":20},"end":{"line":454,"column":44}},"81":{"start":{"line":489,"column":35},"end":{"line":489,"column":null}},"82":{"start":{"line":553,"column":16},"end":{"line":553,"column":64}},"83":{"start":{"line":561,"column":33},"end":{"line":561,"column":null}},"84":{"start":{"line":569,"column":37},"end":{"line":569,"column":null}},"85":{"start":{"line":570,"column":18},"end":{"line":572,"column":null}},"86":{"start":{"line":575,"column":37},"end":{"line":575,"column":null}},"87":{"start":{"line":593,"column":37},"end":{"line":593,"column":null}},"88":{"start":{"line":602,"column":33},"end":{"line":602,"column":null}}},"fnMap":{"0":{"name":"ProfessionalsPage","decl":{"start":{"line":235,"column":24},"end":{"line":235,"column":null}},"loc":{"start":{"line":235,"column":24},"end":{"line":626,"column":null}}},"1":{"name":"(anonymous_3)","decl":{"start":{"line":247,"column":40},"end":{"line":247,"column":null}},"loc":{"start":{"line":247,"column":40},"end":{"line":324,"column":5}}},"2":{"name":"(anonymous_4)","decl":{"start":{"line":253,"column":8},"end":{"line":253,"column":9}},"loc":{"start":{"line":254,"column":10},"end":{"line":257,"column":null}}},"3":{"name":"(anonymous_5)","decl":{"start":{"line":257,"column":35},"end":{"line":257,"column":36}},"loc":{"start":{"line":257,"column":46},"end":{"line":257,"column":null}}},"4":{"name":"(anonymous_6)","decl":{"start":{"line":263,"column":33},"end":{"line":263,"column":34}},"loc":{"start":{"line":263,"column":51},"end":{"line":263,"column":null}}},"5":{"name":"(anonymous_7)","decl":{"start":{"line":267,"column":33},"end":{"line":267,"column":34}},"loc":{"start":{"line":267,"column":51},"end":{"line":267,"column":null}}},"6":{"name":"(anonymous_8)","decl":{"start":{"line":272,"column":33},"end":{"line":272,"column":34}},"loc":{"start":{"line":272,"column":34},"end":{"line":297,"column":null}}},"7":{"name":"(anonymous_9)","decl":{"start":{"line":301,"column":33},"end":{"line":301,"column":34}},"loc":{"start":{"line":301,"column":51},"end":{"line":301,"column":72}}},"8":{"name":"(anonymous_10)","decl":{"start":{"line":307,"column":22},"end":{"line":307,"column":23}},"loc":{"start":{"line":307,"column":32},"end":{"line":307,"column":51}}},"9":{"name":"(anonymous_11)","decl":{"start":{"line":310,"column":22},"end":{"line":310,"column":23}},"loc":{"start":{"line":310,"column":32},"end":{"line":310,"column":75}}},"10":{"name":"(anonymous_12)","decl":{"start":{"line":313,"column":22},"end":{"line":313,"column":23}},"loc":{"start":{"line":313,"column":32},"end":{"line":313,"column":null}}},"11":{"name":"(anonymous_13)","decl":{"start":{"line":317,"column":22},"end":{"line":317,"column":28}},"loc":{"start":{"line":317,"column":28},"end":{"line":317,"column":null}}},"12":{"name":"(anonymous_14)","decl":{"start":{"line":330,"column":23},"end":{"line":330,"column":null}},"loc":{"start":{"line":330,"column":23},"end":{"line":337,"column":null}}},"13":{"name":"(anonymous_15)","decl":{"start":{"line":359,"column":42},"end":{"line":359,"column":43}},"loc":{"start":{"line":359,"column":49},"end":{"line":359,"column":59}}},"14":{"name":"(anonymous_16)","decl":{"start":{"line":362,"column":52},"end":{"line":362,"column":53}},"loc":{"start":{"line":362,"column":59},"end":{"line":362,"column":69}}},"15":{"name":"(anonymous_17)","decl":{"start":{"line":370,"column":23},"end":{"line":370,"column":29}},"loc":{"start":{"line":370,"column":29},"end":{"line":370,"column":null}}},"16":{"name":"(anonymous_18)","decl":{"start":{"line":382,"column":23},"end":{"line":382,"column":29}},"loc":{"start":{"line":382,"column":29},"end":{"line":382,"column":null}}},"17":{"name":"(anonymous_19)","decl":{"start":{"line":390,"column":23},"end":{"line":390,"column":29}},"loc":{"start":{"line":390,"column":29},"end":{"line":390,"column":null}}},"18":{"name":"(anonymous_20)","decl":{"start":{"line":409,"column":30},"end":{"line":409,"column":31}},"loc":{"start":{"line":409,"column":37},"end":{"line":409,"column":null}}},"19":{"name":"(anonymous_21)","decl":{"start":{"line":421,"column":34},"end":{"line":421,"column":35}},"loc":{"start":{"line":422,"column":20},"end":{"line":422,"column":47}}},"20":{"name":"(anonymous_22)","decl":{"start":{"line":436,"column":33},"end":{"line":436,"column":34}},"loc":{"start":{"line":437,"column":20},"end":{"line":437,"column":47}}},"21":{"name":"(anonymous_23)","decl":{"start":{"line":453,"column":40},"end":{"line":453,"column":41}},"loc":{"start":{"line":454,"column":20},"end":{"line":454,"column":44}}},"22":{"name":"(anonymous_24)","decl":{"start":{"line":489,"column":28},"end":{"line":489,"column":29}},"loc":{"start":{"line":489,"column":35},"end":{"line":489,"column":null}}},"23":{"name":"(anonymous_25)","decl":{"start":{"line":552,"column":42},"end":{"line":552,"column":43}},"loc":{"start":{"line":553,"column":16},"end":{"line":553,"column":64}}},"24":{"name":"(anonymous_26)","decl":{"start":{"line":561,"column":27},"end":{"line":561,"column":33}},"loc":{"start":{"line":561,"column":33},"end":{"line":561,"column":null}}},"25":{"name":"(anonymous_27)","decl":{"start":{"line":568,"column":65},"end":{"line":568,"column":66}},"loc":{"start":{"line":568,"column":69},"end":{"line":585,"column":null}}},"26":{"name":"(anonymous_28)","decl":{"start":{"line":575,"column":31},"end":{"line":575,"column":37}},"loc":{"start":{"line":575,"column":37},"end":{"line":575,"column":null}}},"27":{"name":"(anonymous_29)","decl":{"start":{"line":593,"column":31},"end":{"line":593,"column":37}},"loc":{"start":{"line":593,"column":37},"end":{"line":593,"column":null}}},"28":{"name":"(anonymous_30)","decl":{"start":{"line":602,"column":27},"end":{"line":602,"column":33}},"loc":{"start":{"line":602,"column":33},"end":{"line":602,"column":null}}}},"branchMap":{"0":{"loc":{"start":{"line":251,"column":4},"end":{"line":259,"column":null}},"type":"if","locations":[{"start":{"line":251,"column":4},"end":{"line":259,"column":null}},{"start":{},"end":{}}]},"1":{"loc":{"start":{"line":254,"column":10},"end":{"line":257,"column":null}},"type":"binary-expr","locations":[{"start":{"line":254,"column":10},"end":{"line":254,"column":null}},{"start":{"line":255,"column":10},"end":{"line":255,"column":null}},{"start":{"line":256,"column":10},"end":{"line":256,"column":null}},{"start":{"line":257,"column":10},"end":{"line":257,"column":null}}]},"2":{"loc":{"start":{"line":262,"column":4},"end":{"line":264,"column":null}},"type":"if","locations":[{"start":{"line":262,"column":4},"end":{"line":264,"column":null}},{"start":{},"end":{}}]},"3":{"loc":{"start":{"line":266,"column":4},"end":{"line":268,"column":null}},"type":"if","locations":[{"start":{"line":266,"column":4},"end":{"line":268,"column":null}},{"start":{},"end":{}}]},"4":{"loc":{"start":{"line":271,"column":4},"end":{"line":298,"column":null}},"type":"if","locations":[{"start":{"line":271,"column":4},"end":{"line":298,"column":null}},{"start":{},"end":{}}]},"5":{"loc":{"start":{"line":274,"column":8},"end":{"line":296,"column":null}},"type":"switch","locations":[{"start":{"line":275,"column":10},"end":{"line":276,"column":null}},{"start":{"line":277,"column":10},"end":{"line":282,"column":null}},{"start":{"line":284,"column":10},"end":{"line":290,"column":null}},{"start":{"line":292,"column":10},"end":{"line":293,"column":null}},{"start":{"line":294,"column":10},"end":{"line":295,"column":null}}]},"6":{"loc":{"start":{"line":276,"column":19},"end":{"line":276,"column":null}},"type":"binary-expr","locations":[{"start":{"line":276,"column":19},"end":{"line":276,"column":47}},{"start":{"line":276,"column":47},"end":{"line":276,"column":75}},{"start":{"line":276,"column":75},"end":{"line":276,"column":null}}]},"7":{"loc":{"start":{"line":279,"column":14},"end":{"line":282,"column":null}},"type":"binary-expr","locations":[{"start":{"line":279,"column":14},"end":{"line":279,"column":null}},{"start":{"line":280,"column":14},"end":{"line":280,"column":null}},{"start":{"line":281,"column":14},"end":{"line":281,"column":null}},{"start":{"line":282,"column":14},"end":{"line":282,"column":null}}]},"8":{"loc":{"start":{"line":286,"column":14},"end":{"line":290,"column":null}},"type":"binary-expr","locations":[{"start":{"line":286,"column":14},"end":{"line":286,"column":null}},{"start":{"line":287,"column":14},"end":{"line":287,"column":null}},{"start":{"line":288,"column":14},"end":{"line":288,"column":null}},{"start":{"line":289,"column":14},"end":{"line":289,"column":null}},{"start":{"line":290,"column":14},"end":{"line":290,"column":null}}]},"9":{"loc":{"start":{"line":293,"column":19},"end":{"line":293,"column":null}},"type":"binary-expr","locations":[{"start":{"line":293,"column":19},"end":{"line":293,"column":48}},{"start":{"line":293,"column":48},"end":{"line":293,"column":null}}]},"10":{"loc":{"start":{"line":300,"column":4},"end":{"line":302,"column":null}},"type":"if","locations":[{"start":{"line":300,"column":4},"end":{"line":302,"column":null}},{"start":{},"end":{}}]},"11":{"loc":{"start":{"line":305,"column":4},"end":{"line":321,"column":null}},"type":"switch","locations":[{"start":{"line":306,"column":6},"end":{"line":308,"column":null}},{"start":{"line":309,"column":6},"end":{"line":311,"column":null}},{"start":{"line":312,"column":6},"end":{"line":314,"column":null}},{"start":{"line":315,"column":6},"end":{"line":318,"column":null}},{"start":{"line":319,"column":6},"end":{"line":320,"column":null}}]},"12":{"loc":{"start":{"line":359,"column":13},"end":{"line":359,"column":null}},"type":"binary-expr","locations":[{"start":{"line":359,"column":13},"end":{"line":359,"column":null}}]},"13":{"loc":{"start":{"line":372,"column":16},"end":{"line":372,"column":null}},"type":"cond-expr","locations":[{"start":{"line":372,"column":30},"end":{"line":372,"column":78}},{"start":{"line":372,"column":78},"end":{"line":372,"column":null}}]},"14":{"loc":{"start":{"line":380,"column":23},"end":{"line":380,"column":null}},"type":"cond-expr","locations":[{"start":{"line":380,"column":45},"end":{"line":380,"column":57}},{"start":{"line":380,"column":57},"end":{"line":380,"column":null}}]},"15":{"loc":{"start":{"line":383,"column":25},"end":{"line":383,"column":null}},"type":"cond-expr","locations":[{"start":{"line":383,"column":47},"end":{"line":383,"column":85}},{"start":{"line":383,"column":85},"end":{"line":383,"column":null}}]},"16":{"loc":{"start":{"line":388,"column":23},"end":{"line":388,"column":null}},"type":"cond-expr","locations":[{"start":{"line":388,"column":45},"end":{"line":388,"column":57}},{"start":{"line":388,"column":57},"end":{"line":388,"column":null}}]},"17":{"loc":{"start":{"line":391,"column":25},"end":{"line":391,"column":null}},"type":"cond-expr","locations":[{"start":{"line":391,"column":47},"end":{"line":391,"column":85}},{"start":{"line":391,"column":85},"end":{"line":391,"column":null}}]},"18":{"loc":{"start":{"line":398,"column":9},"end":{"line":398,"column":null}},"type":"binary-expr","locations":[{"start":{"line":398,"column":9},"end":{"line":398,"column":null}}]},"19":{"loc":{"start":{"line":509,"column":10},"end":{"line":509,"column":null}},"type":"binary-expr","locations":[{"start":{"line":509,"column":10},"end":{"line":509,"column":null}},{"start":{"line":510,"column":10},"end":{"line":510,"column":null}},{"start":{"line":511,"column":10},"end":{"line":511,"column":null}},{"start":{"line":512,"column":10},"end":{"line":512,"column":null}},{"start":{"line":513,"column":10},"end":{"line":513,"column":20}}]},"20":{"loc":{"start":{"line":516,"column":13},"end":{"line":516,"column":null}},"type":"binary-expr","locations":[{"start":{"line":516,"column":13},"end":{"line":516,"column":null}}]},"21":{"loc":{"start":{"line":521,"column":13},"end":{"line":521,"column":null}},"type":"binary-expr","locations":[{"start":{"line":521,"column":13},"end":{"line":521,"column":null}}]},"22":{"loc":{"start":{"line":526,"column":13},"end":{"line":526,"column":null}},"type":"binary-expr","locations":[{"start":{"line":526,"column":13},"end":{"line":526,"column":null}}]},"23":{"loc":{"start":{"line":531,"column":13},"end":{"line":531,"column":null}},"type":"binary-expr","locations":[{"start":{"line":531,"column":13},"end":{"line":531,"column":null}}]},"24":{"loc":{"start":{"line":536,"column":13},"end":{"line":536,"column":null}},"type":"binary-expr","locations":[{"start":{"line":536,"column":13},"end":{"line":536,"column":null}}]},"25":{"loc":{"start":{"line":546,"column":10},"end":{"line":612,"column":11}},"type":"cond-expr","locations":[{"start":{"line":546,"column":10},"end":{"line":612,"column":11}}]},"26":{"loc":{"start":{"line":549,"column":16},"end":{"line":549,"column":null}},"type":"cond-expr","locations":[{"start":{"line":549,"column":38},"end":{"line":549,"column":100}},{"start":{"line":549,"column":100},"end":{"line":549,"column":null}}]},"27":{"loc":{"start":{"line":557,"column":13},"end":{"line":557,"column":null}},"type":"binary-expr","locations":[{"start":{"line":557,"column":13},"end":{"line":557,"column":null}}]},"28":{"loc":{"start":{"line":573,"column":31},"end":{"line":573,"column":null}},"type":"cond-expr","locations":[{"start":{"line":573,"column":60},"end":{"line":573,"column":72}},{"start":{"line":573,"column":72},"end":{"line":573,"column":null}}]},"29":{"loc":{"start":{"line":577,"column":24},"end":{"line":579,"column":null}},"type":"cond-expr","locations":[{"start":{"line":578,"column":28},"end":{"line":578,"column":null}},{"start":{"line":579,"column":28},"end":{"line":579,"column":null}}]},"30":{"loc":{"start":{"line":587,"column":17},"end":{"line":587,"column":35}},"type":"binary-expr","locations":[{"start":{"line":587,"column":17},"end":{"line":587,"column":35}},{"start":{"line":587,"column":35},"end":{"line":587,"column":null}}]}},"s":{"0":0,"1":0,"2":0,"3":0,"4":0,"5":0,"6":0,"7":0,"8":0,"9":0,"10":0,"11":0,"12":0,"13":0,"14":0,"15":0,"16":0,"17":0,"18":0,"19":0,"20":0,"21":0,"22":0,"23":0,"24":0,"25":0,"26":0,"27":0,"28":0,"29":0,"30":0,"31":0,"32":0,"33":0,"34":0,"35":0,"36":0,"37":0,"38":0,"39":0,"40":0,"41":0,"42":0,"43":0,"44":0,"45":0,"46":0,"47":0,"48":0,"49":0,"50":0,"51":0,"52":0,"53":0,"54":0,"55":0,"56":0,"57":0,"58":0,"59":0,"60":0,"61":0,"62":0,"63":0,"64":0,"65":0,"66":0,"67":0,"68":0,"69":0,"70":0,"71":0,"72":0,"73":0,"74":0,"75":0,"76":0,"77":0,"78":0,"79":0,"80":0,"81":0,"82":0,"83":0,"84":0,"85":0,"86":0,"87":0,"88":0},"f":{"0":0,"1":0,"2":0,"3":0,"4":0,"5":0,"6":0,"7":0,"8":0,"9":0,"10":0,"11":0,"12":0,"13":0,"14":0,"15":0,"16":0,"17":0,"18":0,"19":0,"20":0,"21":0,"22":0,"23":0,"24":0,"25":0,"26":0,"27":0,"28":0},"b":{"0":[0,0],"1":[0,0,0,0],"2":[0,0],"3":[0,0],"4":[0,0],"5":[0,0,0,0,0],"6":[0,0,0],"7":[0,0,0,0],"8":[0,0,0,0,0],"9":[0,0],"10":[0,0],"11":[0,0,0,0,0],"12":[0],"13":[0,0],"14":[0,0],"15":[0,0],"16":[0,0],"17":[0,0],"18":[0],"19":[0,0,0,0,0],"20":[0],"21":[0],"22":[0],"23":[0],"24":[0],"25":[0],"26":[0,0],"27":[0],"28":[0,0],"29":[0,0],"30":[0,0]}}
,"C:\\Users\\jessi\\Downloads\\shareup-extracted\\app\\profile\\page.tsx": {"path":"C:\\Users\\jessi\\Downloads\\shareup-extracted\\app\\profile\\page.tsx","statementMap":{"0":{"start":{"line":41,"column":24},"end":{"line":41,"column":null}},"1":{"start":{"line":3,"column":40},"end":{"line":3,"column":null}},"2":{"start":{"line":6,"column":24},"end":{"line":6,"column":null}},"3":{"start":{"line":7,"column":23},"end":{"line":7,"column":null}},"4":{"start":{"line":8,"column":23},"end":{"line":8,"column":null}},"5":{"start":{"line":9,"column":34},"end":{"line":9,"column":null}},"6":{"start":{"line":10,"column":22},"end":{"line":10,"column":null}},"7":{"start":{"line":11,"column":22},"end":{"line":11,"column":null}},"8":{"start":{"line":12,"column":25},"end":{"line":12,"column":null}},"9":{"start":{"line":13,"column":22},"end":{"line":13,"column":null}},"10":{"start":{"line":14,"column":65},"end":{"line":14,"column":null}},"11":{"start":{"line":15,"column":78},"end":{"line":15,"column":null}},"12":{"start":{"line":16,"column":60},"end":{"line":16,"column":null}},"13":{"start":{"line":42,"column":19},"end":{"line":42,"column":null}},"14":{"start":{"line":43,"column":36},"end":{"line":43,"column":null}},"15":{"start":{"line":44,"column":46},"end":{"line":44,"column":null}},"16":{"start":{"line":45,"column":42},"end":{"line":45,"column":null}},"17":{"start":{"line":46,"column":48},"end":{"line":46,"column":null}},"18":{"start":{"line":47,"column":23},"end":{"line":47,"column":null}},"19":{"start":{"line":49,"column":40},"end":{"line":67,"column":null}},"20":{"start":{"line":69,"column":48},"end":{"line":69,"column":null}},"21":{"start":{"line":71,"column":2},"end":{"line":73,"column":null}},"22":{"start":{"line":75,"column":21},"end":{"line":78,"column":null}},"23":{"start":{"line":76,"column":4},"end":{"line":76,"column":null}},"24":{"start":{"line":77,"column":4},"end":{"line":77,"column":null}},"25":{"start":{"line":80,"column":23},"end":{"line":83,"column":null}},"26":{"start":{"line":81,"column":4},"end":{"line":81,"column":null}},"27":{"start":{"line":82,"column":4},"end":{"line":82,"column":null}},"28":{"start":{"line":85,"column":29},"end":{"line":111,"column":null}},"29":{"start":{"line":86,"column":17},"end":{"line":86,"column":40}},"30":{"start":{"line":87,"column":4},"end":{"line":110,"column":null}},"31":{"start":{"line":89,"column":6},"end":{"line":92,"column":null}},"32":{"start":{"line":90,"column":8},"end":{"line":90,"column":null}},"33":{"start":{"line":91,"column":8},"end":{"line":91,"column":null}},"34":{"start":{"line":95,"column":6},"end":{"line":98,"column":null}},"35":{"start":{"line":96,"column":8},"end":{"line":96,"column":null}},"36":{"start":{"line":97,"column":8},"end":{"line":97,"column":null}},"37":{"start":{"line":100,"column":21},"end":{"line":100,"column":null}},"38":{"start":{"line":101,"column":6},"end":{"line":108,"column":null}},"39":{"start":{"line":102,"column":25},"end":{"line":102,"column":null}},"40":{"start":{"line":103,"column":8},"end":{"line":106,"column":null}},"41":{"start":{"line":103,"column":38},"end":{"line":106,"column":null}},"42":{"start":{"line":107,"column":8},"end":{"line":107,"column":null}},"43":{"start":{"line":109,"column":6},"end":{"line":109,"column":null}},"44":{"start":{"line":113,"column":23},"end":{"line":119,"column":null}},"45":{"start":{"line":114,"column":4},"end":{"line":117,"column":null}},"46":{"start":{"line":114,"column":34},"end":{"line":117,"column":null}},"47":{"start":{"line":118,"column":4},"end":{"line":118,"column":null}},"48":{"start":{"line":121,"column":19},"end":{"line":127,"column":null}},"49":{"start":{"line":122,"column":21},"end":{"line":122,"column":null}},"50":{"start":{"line":123,"column":4},"end":{"line":126,"column":null}},"51":{"start":{"line":123,"column":34},"end":{"line":126,"column":null}},"52":{"start":{"line":129,"column":22},"end":{"line":134,"column":null}},"53":{"start":{"line":130,"column":4},"end":{"line":133,"column":null}},"54":{"start":{"line":130,"column":34},"end":{"line":133,"column":null}},"55":{"start":{"line":132,"column":42},"end":{"line":132,"column":null}},"56":{"start":{"line":136,"column":22},"end":{"line":141,"column":null}},"57":{"start":{"line":137,"column":4},"end":{"line":140,"column":null}},"58":{"start":{"line":137,"column":34},"end":{"line":140,"column":null}},"59":{"start":{"line":139,"column":44},"end":{"line":139,"column":null}},"60":{"start":{"line":143,"column":22},"end":{"line":143,"column":null}},"61":{"start":{"line":146,"column":22},"end":{"line":153,"column":null}},"62":{"start":{"line":147,"column":4},"end":{"line":152,"column":null}},"63":{"start":{"line":149,"column":21},"end":{"line":149,"column":28}},"64":{"start":{"line":206,"column":39},"end":{"line":206,"column":null}},"65":{"start":{"line":220,"column":43},"end":{"line":220,"column":null}},"66":{"start":{"line":220,"column":73},"end":{"line":220,"column":null}},"67":{"start":{"line":228,"column":43},"end":{"line":228,"column":null}},"68":{"start":{"line":228,"column":73},"end":{"line":228,"column":null}},"69":{"start":{"line":250,"column":28},"end":{"line":253,"column":null}},"70":{"start":{"line":250,"column":58},"end":{"line":253,"column":null}},"71":{"start":{"line":271,"column":28},"end":{"line":274,"column":null}},"72":{"start":{"line":271,"column":58},"end":{"line":274,"column":null}},"73":{"start":{"line":292,"column":28},"end":{"line":295,"column":null}},"74":{"start":{"line":292,"column":58},"end":{"line":295,"column":null}},"75":{"start":{"line":313,"column":28},"end":{"line":316,"column":null}},"76":{"start":{"line":313,"column":58},"end":{"line":316,"column":null}},"77":{"start":{"line":329,"column":35},"end":{"line":329,"column":null}},"78":{"start":{"line":346,"column":37},"end":{"line":346,"column":null}},"79":{"start":{"line":346,"column":67},"end":{"line":346,"column":null}},"80":{"start":{"line":365,"column":24},"end":{"line":365,"column":null}},"81":{"start":{"line":366,"column":24},"end":{"line":366,"column":null}},"82":{"start":{"line":378,"column":20},"end":{"line":378,"column":40}},"83":{"start":{"line":394,"column":34},"end":{"line":394,"column":null}},"84":{"start":{"line":395,"column":34},"end":{"line":395,"column":null}},"85":{"start":{"line":404,"column":47},"end":{"line":404,"column":null}},"86":{"start":{"line":446,"column":20},"end":{"line":446,"column":37}},"87":{"start":{"line":491,"column":31},"end":{"line":491,"column":null}},"88":{"start":{"line":510,"column":31},"end":{"line":510,"column":null}},"89":{"start":{"line":535,"column":10},"end":{"line":535,"column":null}},"90":{"start":{"line":536,"column":10},"end":{"line":536,"column":null}},"91":{"start":{"line":539,"column":10},"end":{"line":543,"column":null}},"92":{"start":{"line":540,"column":12},"end":{"line":540,"column":null}},"93":{"start":{"line":542,"column":12},"end":{"line":542,"column":null}},"94":{"start":{"line":544,"column":10},"end":{"line":544,"column":null}},"95":{"start":{"line":545,"column":10},"end":{"line":545,"column":null}},"96":{"start":{"line":565,"column":34},"end":{"line":569,"column":null}},"97":{"start":{"line":571,"column":2},"end":{"line":585,"column":null}},"98":{"start":{"line":572,"column":4},"end":{"line":584,"column":null}},"99":{"start":{"line":573,"column":6},"end":{"line":577,"column":null}},"100":{"start":{"line":579,"column":6},"end":{"line":583,"column":null}},"101":{"start":{"line":587,"column":23},"end":{"line":590,"column":null}},"102":{"start":{"line":588,"column":4},"end":{"line":588,"column":null}},"103":{"start":{"line":589,"column":4},"end":{"line":589,"column":null}},"104":{"start":{"line":592,"column":21},"end":{"line":592,"column":null}},"105":{"start":{"line":606,"column":31},"end":{"line":606,"column":null}},"106":{"start":{"line":606,"column":54},"end":{"line":606,"column":null}},"107":{"start":{"line":617,"column":40},"end":{"line":617,"column":null}},"108":{"start":{"line":617,"column":63},"end":{"line":617,"column":null}},"109":{"start":{"line":624,"column":18},"end":{"line":624,"column":45}},"110":{"start":{"line":639,"column":31},"end":{"line":639,"column":null}},"111":{"start":{"line":639,"column":54},"end":{"line":639,"column":null}}},"fnMap":{"0":{"name":"ProfilePage","decl":{"start":{"line":41,"column":24},"end":{"line":41,"column":null}},"loc":{"start":{"line":41,"column":24},"end":{"line":551,"column":null}}},"1":{"name":"(anonymous_6)","decl":{"start":{"line":75,"column":21},"end":{"line":75,"column":null}},"loc":{"start":{"line":75,"column":21},"end":{"line":78,"column":null}}},"2":{"name":"(anonymous_7)","decl":{"start":{"line":80,"column":23},"end":{"line":80,"column":null}},"loc":{"start":{"line":80,"column":23},"end":{"line":83,"column":null}}},"3":{"name":"(anonymous_8)","decl":{"start":{"line":85,"column":29},"end":{"line":85,"column":30}},"loc":{"start":{"line":85,"column":30},"end":{"line":111,"column":null}}},"4":{"name":"(anonymous_9)","decl":{"start":{"line":101,"column":22},"end":{"line":101,"column":23}},"loc":{"start":{"line":101,"column":23},"end":{"line":108,"column":null}}},"5":{"name":"(anonymous_10)","decl":{"start":{"line":103,"column":27},"end":{"line":103,"column":28}},"loc":{"start":{"line":103,"column":38},"end":{"line":106,"column":null}}},"6":{"name":"(anonymous_11)","decl":{"start":{"line":113,"column":23},"end":{"line":113,"column":null}},"loc":{"start":{"line":113,"column":23},"end":{"line":119,"column":null}}},"7":{"name":"(anonymous_12)","decl":{"start":{"line":114,"column":23},"end":{"line":114,"column":24}},"loc":{"start":{"line":114,"column":34},"end":{"line":117,"column":null}}},"8":{"name":"(anonymous_13)","decl":{"start":{"line":121,"column":19},"end":{"line":121,"column":20}},"loc":{"start":{"line":121,"column":20},"end":{"line":127,"column":null}}},"9":{"name":"(anonymous_14)","decl":{"start":{"line":123,"column":23},"end":{"line":123,"column":24}},"loc":{"start":{"line":123,"column":34},"end":{"line":126,"column":null}}},"10":{"name":"(anonymous_15)","decl":{"start":{"line":129,"column":22},"end":{"line":129,"column":23}},"loc":{"start":{"line":129,"column":40},"end":{"line":134,"column":null}}},"11":{"name":"(anonymous_16)","decl":{"start":{"line":130,"column":23},"end":{"line":130,"column":24}},"loc":{"start":{"line":130,"column":34},"end":{"line":133,"column":null}}},"12":{"name":"(anonymous_17)","decl":{"start":{"line":132,"column":30},"end":{"line":132,"column":31}},"loc":{"start":{"line":132,"column":42},"end":{"line":132,"column":null}}},"13":{"name":"(anonymous_18)","decl":{"start":{"line":136,"column":22},"end":{"line":136,"column":23}},"loc":{"start":{"line":136,"column":23},"end":{"line":141,"column":null}}},"14":{"name":"(anonymous_19)","decl":{"start":{"line":137,"column":23},"end":{"line":137,"column":24}},"loc":{"start":{"line":137,"column":34},"end":{"line":140,"column":null}}},"15":{"name":"(anonymous_20)","decl":{"start":{"line":139,"column":33},"end":{"line":139,"column":34}},"loc":{"start":{"line":139,"column":44},"end":{"line":139,"column":null}}},"16":{"name":"(anonymous_21)","decl":{"start":{"line":146,"column":22},"end":{"line":146,"column":23}},"loc":{"start":{"line":146,"column":23},"end":{"line":153,"column":null}}},"17":{"name":"(anonymous_22)","decl":{"start":{"line":149,"column":11},"end":{"line":149,"column":12}},"loc":{"start":{"line":149,"column":21},"end":{"line":149,"column":28}}},"18":{"name":"(anonymous_23)","decl":{"start":{"line":206,"column":33},"end":{"line":206,"column":39}},"loc":{"start":{"line":206,"column":39},"end":{"line":206,"column":null}}},"19":{"name":"(anonymous_24)","decl":{"start":{"line":220,"column":36},"end":{"line":220,"column":37}},"loc":{"start":{"line":220,"column":43},"end":{"line":220,"column":null}}},"20":{"name":"(anonymous_25)","decl":{"start":{"line":220,"column":62},"end":{"line":220,"column":63}},"loc":{"start":{"line":220,"column":73},"end":{"line":220,"column":null}}},"21":{"name":"(anonymous_26)","decl":{"start":{"line":228,"column":36},"end":{"line":228,"column":37}},"loc":{"start":{"line":228,"column":43},"end":{"line":228,"column":null}}},"22":{"name":"(anonymous_27)","decl":{"start":{"line":228,"column":62},"end":{"line":228,"column":63}},"loc":{"start":{"line":228,"column":73},"end":{"line":228,"column":null}}},"23":{"name":"(anonymous_28)","decl":{"start":{"line":249,"column":36},"end":{"line":249,"column":37}},"loc":{"start":{"line":250,"column":28},"end":{"line":253,"column":null}}},"24":{"name":"(anonymous_29)","decl":{"start":{"line":250,"column":47},"end":{"line":250,"column":48}},"loc":{"start":{"line":250,"column":58},"end":{"line":253,"column":null}}},"25":{"name":"(anonymous_30)","decl":{"start":{"line":270,"column":36},"end":{"line":270,"column":37}},"loc":{"start":{"line":271,"column":28},"end":{"line":274,"column":null}}},"26":{"name":"(anonymous_31)","decl":{"start":{"line":271,"column":47},"end":{"line":271,"column":48}},"loc":{"start":{"line":271,"column":58},"end":{"line":274,"column":null}}},"27":{"name":"(anonymous_32)","decl":{"start":{"line":291,"column":36},"end":{"line":291,"column":37}},"loc":{"start":{"line":292,"column":28},"end":{"line":295,"column":null}}},"28":{"name":"(anonymous_33)","decl":{"start":{"line":292,"column":47},"end":{"line":292,"column":48}},"loc":{"start":{"line":292,"column":58},"end":{"line":295,"column":null}}},"29":{"name":"(anonymous_34)","decl":{"start":{"line":312,"column":36},"end":{"line":312,"column":37}},"loc":{"start":{"line":313,"column":28},"end":{"line":316,"column":null}}},"30":{"name":"(anonymous_35)","decl":{"start":{"line":313,"column":47},"end":{"line":313,"column":48}},"loc":{"start":{"line":313,"column":58},"end":{"line":316,"column":null}}},"31":{"name":"(anonymous_36)","decl":{"start":{"line":329,"column":29},"end":{"line":329,"column":35}},"loc":{"start":{"line":329,"column":35},"end":{"line":329,"column":null}}},"32":{"name":"(anonymous_37)","decl":{"start":{"line":346,"column":30},"end":{"line":346,"column":31}},"loc":{"start":{"line":346,"column":37},"end":{"line":346,"column":null}}},"33":{"name":"(anonymous_38)","decl":{"start":{"line":346,"column":56},"end":{"line":346,"column":57}},"loc":{"start":{"line":346,"column":67},"end":{"line":346,"column":null}}},"34":{"name":"(anonymous_39)","decl":{"start":{"line":364,"column":31},"end":{"line":364,"column":null}},"loc":{"start":{"line":364,"column":31},"end":{"line":367,"column":null}}},"35":{"name":"(anonymous_40)","decl":{"start":{"line":377,"column":42},"end":{"line":377,"column":43}},"loc":{"start":{"line":378,"column":20},"end":{"line":378,"column":40}}},"36":{"name":"(anonymous_41)","decl":{"start":{"line":393,"column":41},"end":{"line":393,"column":null}},"
[...]
":{"line":183,"column":null}},"54":{"start":{"line":182,"column":8},"end":{"line":182,"column":null}},"55":{"start":{"line":187,"column":2},"end":{"line":191,"column":null}},"56":{"start":{"line":190,"column":35},"end":{"line":190,"column":null}}},"fnMap":{"0":{"name":"genId","decl":{"start":{"line":30,"column":9},"end":{"line":30,"column":null}},"loc":{"start":{"line":30,"column":9},"end":{"line":33,"column":null}}},"1":{"name":"(anonymous_8)","decl":{"start":{"line":61,"column":25},"end":{"line":61,"column":26}},"loc":{"start":{"line":61,"column":26},"end":{"line":75,"column":null}}},"2":{"name":"(anonymous_9)","decl":{"start":{"line":66,"column":29},"end":{"line":66,"column":null}},"loc":{"start":{"line":66,"column":29},"end":{"line":72,"column":5}}},"3":{"name":"(anonymous_10)","decl":{"start":{"line":77,"column":23},"end":{"line":77,"column":24}},"loc":{"start":{"line":77,"column":38},"end":{"line":130,"column":null}}},"4":{"name":"(anonymous_11)","decl":{"start":{"line":88,"column":33},"end":{"line":88,"column":34}},"loc":{"start":{"line":89,"column":10},"end":{"line":89,"column":null}}},"5":{"name":"(anonymous_12)","decl":{"start":{"line":101,"column":29},"end":{"line":101,"column":30}},"loc":{"start":{"line":101,"column":30},"end":{"line":103,"column":null}}},"6":{"name":"(anonymous_13)","decl":{"start":{"line":108,"column":33},"end":{"line":108,"column":34}},"loc":{"start":{"line":109,"column":10},"end":{"line":114,"column":null}}},"7":{"name":"(anonymous_14)","decl":{"start":{"line":127,"column":36},"end":{"line":127,"column":37}},"loc":{"start":{"line":127,"column":43},"end":{"line":127,"column":66}}},"8":{"name":"dispatch","decl":{"start":{"line":136,"column":9},"end":{"line":136,"column":18}},"loc":{"start":{"line":136,"column":32},"end":{"line":141,"column":null}}},"9":{"name":"(anonymous_16)","decl":{"start":{"line":138,"column":20},"end":{"line":138,"column":21}},"loc":{"start":{"line":138,"column":21},"end":{"line":140,"column":null}}},"10":{"name":"toast","decl":{"start":{"line":145,"column":9},"end":{"line":145,"column":15}},"loc":{"start":{"line":145,"column":34},"end":{"line":172,"column":null}}},"11":{"name":"(anonymous_18)","decl":{"start":{"line":148,"column":17},"end":{"line":148,"column":18}},"loc":{"start":{"line":149,"column":4},"end":{"line":152,"column":null}}},"12":{"name":"(anonymous_19)","decl":{"start":{"line":153,"column":18},"end":{"line":153,"column":24}},"loc":{"start":{"line":153,"column":24},"end":{"line":153,"column":null}}},"13":{"name":"(anonymous_20)","decl":{"start":{"line":161,"column":20},"end":{"line":161,"column":21}},"loc":{"start":{"line":161,"column":21},"end":{"line":163,"column":null}}},"14":{"name":"useToast","decl":{"start":{"line":174,"column":9},"end":{"line":174,"column":null}},"loc":{"start":{"line":174,"column":9},"end":{"line":192,"column":null}}},"15":{"name":"(anonymous_22)","decl":{"start":{"line":177,"column":18},"end":{"line":177,"column":null}},"loc":{"start":{"line":177,"column":18},"end":{"line":185,"column":5}}},"16":{"name":"(anonymous_23)","decl":{"start":{"line":179,"column":11},"end":{"line":179,"column":null}},"loc":{"start":{"line":179,"column":11},"end":{"line":184,"column":null}}},"17":{"name":"(anonymous_24)","decl":{"start":{"line":190,"column":13},"end":{"line":190,"column":14}},"loc":{"start":{"line":190,"column":35},"end":{"line":190,"column":null}}}},"branchMap":{"0":{"loc":{"start":{"line":62,"column":2},"end":{"line":64,"column":null}},"type":"if","locations":[{"start":{"line":62,"column":2},"end":{"line":64,"column":null}},{"start":{},"end":{}}]},"1":{"loc":{"start":{"line":78,"column":2},"end":{"line":129,"column":null}},"type":"switch","locations":[{"start":{"line":79,"column":4},"end":{"line":83,"column":null}},{"start":{"line":85,"column":4},"end":{"line":91,"column":null}},{"start":{"line":93,"column":4},"end":{"line":117,"column":null}},{"start":{"line":118,"column":4},"end":{"line":128,"column":null}}]},"2":{"loc":{"start":{"line":89,"column":10},"end":{"line":89,"column":null}},"type":"cond-expr","locations":[{"start":{"line":89,"column":37},"end":{"line":89,"column":65}},{"start":{"line":89,"column":65},"end":{"line":89,"column":null}}]},"3":{"loc":{"start":{"line":98,"column":6},"end":{"line":104,"column":null}},"type":"if","locations":[{"start":{"line":98,"column":6},"end":{"line":104,"column":null}},{"start":{"line":100,"column":13},"end":{"line":104,"column":null}}]},"4":{"loc":{"start":{"line":109,"column":10},"end":{"line":114,"column":null}},"type":"cond-expr","locations":[{"start":{"line":110,"column":14},"end":{"line":113,"column":null}},{"start":{"line":114,"column":14},"end":{"line":114,"column":null}}]},"5":{"loc":{"start":{"line":109,"column":10},"end":{"line":109,"column":null}},"type":"binary-expr","locations":[{"start":{"line":109,"column":10},"end":{"line":109,"column":30}},{"start":{"line":109,"column":30},"end":{"line":109,"column":null}}]},"6":{"loc":{"start":{"line":119,"column":6},"end":{"line":124,"column":null}},"type":"if","locations":[{"start":{"line":119,"column":6},"end":{"line":124,"column":null}},{"start":{},"end":{}}]},"7":{"loc":{"start":{"line":162,"column":8},"end":{"line":162,"column":null}},"type":"if","locations":[{"start":{"line":162,"column":8},"end":{"line":162,"column":null}},{"start":{},"end":{}}]},"8":{"loc":{"start":{"line":181,"column":6},"end":{"line":183,"column":null}},"type":"if","locations":[{"start":{"line":181,"column":6},"end":{"line":183,"column":null}},{"start":{},"end":{}}]}},"s":{"0":0,"1":0,"2":0,"3":0,"4":0,"5":0,"6":0,"7":0,"8":0,"9":0,"10":0,"11":0,"12":0,"13":0,"14":0,"15":0,"16":0,"17":0,"18":0,"19":0,"20":0,"21":0,"22":0,"23":0,"24":0,"25":0,"26":0,"27":0,"28":0,"29":0,"30":0,"31":0,"32":0,"33":0,"34":0,"35":0,"36":0,"37":0,"38":0,"39":0,"40":0,"41":0,"42":0,"43":0,"44":0,"45":0,"46":0,"47":0,"48":0,"49":0,"50":0,"51":0,"52":0,"53":0,"54":0,"55":0,"56":0},"f":{"0":0,"1":0,"2":0,"3":0,"4":0,"5":0,"6":0,"7":0,"8":0,"9":0,"10":0,"11":0,"12":0,"13":0,"14":0,"15":0,"16":0,"17":0},"b":{"0":[0,0],"1":[0,0,0,0],"2":[0,0],"3":[0,0],"4":[0,0],"5":[0,0],"6":[0,0],"7":[0,0],"8":[0,0]}}
,"C:\\Users\\jessi\\Downloads\\shareup-extracted\\lib\\api.ts": {"path":"C:\\Users\\jessi\\Downloads\\shareup-extracted\\lib\\api.ts","statementMap":{"0":{"start":{"line":10,"column":13},"end":{"line":10,"column":19}},"1":{"start":{"line":1,"column":21},"end":{"line":1,"column":null}},"2":{"start":{"line":10,"column":19},"end":{"line":58,"column":null}},"3":{"start":{"line":13,"column":21},"end":{"line":13,"column":null}},"4":{"start":{"line":14,"column":4},"end":{"line":14,"column":null}},"5":{"start":{"line":14,"column":22},"end":{"line":14,"column":null}},"6":{"start":{"line":15,"column":4},"end":{"line":15,"column":null}},"7":{"start":{"line":20,"column":21},"end":{"line":26,"column":null}},"8":{"start":{"line":27,"column":4},"end":{"line":27,"column":null}},"9":{"start":{"line":27,"column":22},"end":{"line":27,"column":null}},"10":{"start":{"line":28,"column":4},"end":{"line":28,"column":null}},"11":{"start":{"line":33,"column":21},"end":{"line":39,"column":null}},"12":{"start":{"line":40,"column":4},"end":{"line":40,"column":null}},"13":{"start":{"line":40,"column":22},"end":{"line":40,"column":null}},"14":{"start":{"line":41,"column":4},"end":{"line":41,"column":null}},"15":{"start":{"line":46,"column":21},"end":{"line":48,"column":null}},"16":{"start":{"line":49,"column":4},"end":{"line":49,"column":null}},"17":{"start":{"line":49,"column":22},"end":{"line":49,"column":null}},"18":{"start":{"line":54,"column":21},"end":{"line":54,"column":null}},"19":{"start":{"line":55,"column":4},"end":{"line":55,"column":null}},"20":{"start":{"line":55,"column":22},"end":{"line":55,"column":null}},"21":{"start":{"line":56,"column":4},"end":{"line":56,"column":null}}},"fnMap":{"0":{"name":"(anonymous_1)","decl":{"start":{"line":12,"column":2},"end":{"line":12,"column":8}},"loc":{"start":{"line":12,"column":8},"end":{"line":16,"column":null}}},"1":{"name":"(anonymous_2)","decl":{"start":{"line":19,"column":2},"end":{"line":19,"column":8}},"loc":{"start":{"line":19,"column":44},"end":{"line":29,"column":null}}},"2":{"name":"(anonymous_3)","decl":{"start":{"line":32,"column":2},"end":{"line":32,"column":8}},"loc":{"start":{"line":32,"column":53},"end":{"line":42,"column":null}}},"3":{"name":"(anonymous_4)","decl":{"start":{"line":45,"column":2},"end":{"line":45,"column":8}},"loc":{"start":{"line":45,"column":29},"end":{"line":50,"column":null}}},"4":{"name":"(anonymous_5)","decl":{"start":{"line":53,"column":2},"end":{"line":53,"column":8}},"loc":{"start":{"line":53,"column":26},"end":{"line":57,"column":null}}}},"branchMap":{"0":{"loc":{"start":{"line":14,"column":4},"end":{"line":14,"column":null}},"type":"if","locations":[{"start":{"line":14,"column":4},"end":{"line":14,"column":null}},{"start":{},"end":{}}]},"1":{"loc":{"start":{"line":27,"column":4},"end":{"line":27,"column":null}},"type":"if","locations":[{"start":{"line":27,"column":4},"end":{"line":27,"column":null}},{"start":{},"end":{}}]},"2":{"loc":{"start":{"line":40,"column":4},"end":{"line":40,"column":null}},"type":"if","locations":[{"start":{"line":40,"column":4},"end":{"line":40,"column":null}},{"start":{},"end":{}}]},"3":{"loc":{"start":{"line":49,"column":4},"end":{"line":49,"column":null}},"type":"if","locations":[{"start":{"line":49,"column":4},"end":{"line":49,"column":null}},{"start":{},"end":{}}]},"4":{"loc":{"start":{"line":55,"column":4},"end":{"line":55,"column":null}},"type":"if","locations":[{"start":{"line":55,"column":4},"end":{"line":55,"column":null}},{"start":{},"end":{}}]}},"s":{"0":0,"1":0,"2":0,"3":0,"4":0,"5":0,"6":0,"7":0,"8":0,"9":0,"10":0,"11":0,"12":0,"13":0,"14":0,"15":0,"16":0,"17":0,"18":0,"19":0,"20":0,"21":0},"f":{"0":0,"1":0,"2":0,"3":0,"4":0},"b":{"0":[0,0],"1":[0,0],"2":[0,0],"3":[0,0],"4":[0,0]}}
,"C:\\Users\\jessi\\Downloads\\shareup-extracted\\lib\\auth.ts": {"path":"C:\\Users\\jessi\\Downloads\\shareup-extracted\\lib\\auth.ts","statementMap":{"0":{"start":{"line":35,"column":13},"end":{"line":35,"column":44}},"1":{"start":{"line":2,"column":32},"end":{"line":2,"column":null}},"2":{"start":{"line":3,"column":27},"end":{"line":3,"column":null}},"3":{"start":{"line":4,"column":27},"end":{"line":4,"column":null}},"4":{"start":{"line":5,"column":28},"end":{"line":5,"column":null}},"5":{"start":{"line":18,"column":28},"end":{"line":33,"column":null}},"6":{"start":{"line":35,"column":44},"end":{"line":177,"column":null}},"7":{"start":{"line":46,"column":8},"end":{"line":48,"column":null}},"8":{"start":{"line":47,"column":10},"end":{"line":47,"column":null}},"9":{"start":{"line":51,"column":21},"end":{"line":51,"column":null}},"10":{"start":{"line":51,"column":37},"end":{"line":51,"column":66}},"11":{"start":{"line":53,"column":8},"end":{"line":74,"column":null}},"12":{"start":{"line":55,"column":33},"end":{"line":55,"column":null}},"13":{"start":{"line":56,"column":10},"end":{"line":63,"column":null}},"14":{"start":{"line":57,"column":12},"end":{"line":62,"column":null}},"15":{"start":{"line":66,"column":10},"end":{"line":73,"column":null}},"16":{"start":{"line":67,"column":12},"end":{"line":72,"column":null}},"17":{"start":{"line":76,"column":8},"end":{"line":76,"column":null}},"18":{"start":{"line":119,"column":6},"end":{"line":122,"column":null}},"19":{"start":{"line":120,"column":8},"end":{"line":120,"column":null}},"20":{"start":{"line":121,"column":8},"end":{"line":121,"column":null}},"21":{"start":{"line":123,"column":6},"end":{"line":123,"column":null}},"22":{"start":{"line":127,"column":6},"end":{"line":131,"column":null}},"23":{"start":{"line":128,"column":9},"end":{"line":128,"column":null}},"24":{"start":{"line":129,"column":9},"end":{"line":129,"column":null}},"25":{"start":{"line":130,"column":9},"end":{"line":130,"column":null}},"26":{"start":{"line":132,"column":6},"end":{"line":132,"column":null}},"27":{"start":{"line":134,"column":6},"end":{"line":138,"column":null}},"28":{"start":{"line":140,"column":6},"end":{"line":140,"column":null}},"29":{"start":{"line":142,"column":6},"end":{"line":142,"column":null}},"30":{"start":{"line":145,"column":6},"end":{"line":148,"column":null}},"31":{"start":{"line":146,"column":8},"end":{"line":146,"column":null}},"32":{"start":{"line":147,"column":8},"end":{"line":147,"column":null}},"33":{"start":{"line":151,"column":6},"end":{"line":155,"column":null}},"34":{"start":{"line":152,"column":24},"end":{"line":152,"column":42}},"35":{"start":{"line":153,"column":8},"end":{"line":153,"column":null}},"36":{"start":{"line":154,"column":8},"end":{"line":154,"column":null}},"37":{"start":{"line":158,"column":6},"end":{"line":161,"column":null}},"38":{"start":{"line":159,"column":8},"end":{"line":159,"column":null}},"39":{"start":{"line":160,"column":8},"end":{"line":160,"column":null}},"40":{"start":{"line":164,"column":6},"end":{"line":164,"column":null}},"41":{"start":{"line":165,"column":6},"end":{"line":165,"column":null}}},"fnMap":{"0":{"name":"(anonymous_2)","decl":{"start":{"line":45,"column":6},"end":{"line":45,"column":12}},"loc":{"start":{"line":45,"column":33},"end":{"line":77,"column":null}}},"1":{"name":"(anonymous_3)","decl":{"start":{"line":51,"column":32},"end":{"line":51,"column":37}},"loc":{"start":{"line":51,"column":37},"end":{"line":51,"column":66}}},"2":{"name":"(anonymous_4)","decl":{"start":{"line":118,"column":4},"end":{"line":118,"column":10}},"loc":{"start":{"line":118,"column":38},"end":{"line":124,"column":null}}},"3":{"name":"(anonymous_5)","decl":{"start":{"line":126,"column":4},"end":{"line":126,"column":10}},"loc":{"start":{"line":126,"column":36},"end":{"line":133,"column":10}}},"4":{"name":"(anonymous_6)","decl":{"start":{"line":133,"column":10},"end":{"line":133,"column":16}},"loc":{"start":{"line":133,"column":49},"end":{"line":141,"column":10}}},"5":{"name":"(anonymous_7)","decl":{"start":{"line":141,"column":10},"end":{"line":141,"column":16}},"loc":{"start":{"line":141,"column":41},"end":{"line":166,"column":null}}}},"branchMap":{"0":{"loc":{"start":{"line":46,"column":8},"end":{"line":48,"column":null}},"type":"if","locations":[{"start":{"line":46,"column":8},"end":{"line":48,"column":null}},{"start":{},"end":{}}]},"1":{"loc":{"start":{"line":46,"column":12},"end":{"line":46,"column":59}},"type":"binary-expr","locations":[{"start":{"line":46,"column":12},"end":{"line":46,"column":35}},{"start":{"line":46,"column":35},"end":{"line":46,"column":59}}]},"2":{"loc":{"start":{"line":53,"column":8},"end":{"line":74,"column":null}},"type":"if","locations":[{"start":{"line":53,"column":8},"end":{"line":74,"column":null}},{"start":{"line":64,"column":15},"end":{"line":74,"column":null}}]},"3":{"loc":{"start":{"line":56,"column":10},"end":{"line":63,"column":null}},"type":"if","locations":[{"start":{"line":56,"column":10},"end":{"line":63,"column":null}},{"start":{},"end":{}}]},"4":{"loc":{"start":{"line":56,"column":14},"end":{"line":56,"column":97}},"type":"binary-expr","locations":[{"start":{"line":56,"column":14},"end":{"line":56,"column":63}},{"start":{"line":56,"column":63},"end":{"line":56,"column":97}}]},"5":{"loc":{"start":{"line":66,"column":10},"end":{"line":73,"column":null}},"type":"if","locations":[{"start":{"line":66,"column":10},"end":{"line":73,"column":null}},{"start":{},"end":{}}]},"6":{"loc":{"start":{"line":66,"column":14},"end":{"line":66,"column":83}},"type":"binary-expr","locations":[{"start":{"line":66,"column":14},"end":{"line":66,"column":49}},{"start":{"line":66,"column":49},"end":{"line":66,"column":83}}]},"7":{"loc":{"start":{"line":81,"column":8},"end":{"line":93,"column":10}},"type":"cond-expr","locations":[{"start":{"line":81,"column":75},"end":{"line":93,"column":8}},{"start":{"line":93,"column":8},"end":{"line":93,"column":10}}]},"8":{"loc":{"start":{"line":81,"column":8},"end":{"line":81,"column":72}},"type":"binary-expr","locations":[{"start":{"line":81,"column":8},"end":{"line":81,"column":36}},{"start":{"line":81,"column":40},"end":{"line":81,"column":72}}]},"9":{"loc":{"start":{"line":96,"column":8},"end":{"line":101,"column":10}},"type":"cond-expr","locations":[{"start":{"line":96,"column":61},"end":{"line":101,"column":8}},{"start":{"line":101,"column":8},"end":{"line":101,"column":10}}]},"10":{"loc":{"start":{"line":96,"column":8},"end":{"line":96,"column":58}},"type":"binary-expr","locations":[{"start":{"line":96,"column":8},"end":{"line":96,"column":29}},{"start":{"line":96,"column":33},"end":{"line":96,"column":58}}]},"11":{"loc":{"start":{"line":104,"column":8},"end":{"line":109,"column":10}},"type":"cond-expr","locations":[{"start":{"line":104,"column":77},"end":{"line":109,"column":8}},{"start":{"line":109,"column":8},"end":{"line":109,"column":10}}]},"12":{"loc":{"start":{"line":104,"column":8},"end":{"line":104,"column":74}},"type":"binary-expr","locations":[{"start":{"line":104,"column":8},"end":{"line":104,"column":37}},{"start":{"line":104,"column":41},"end":{"line":104,"column":74}}]},"13":{"loc":{"start":{"line":119,"column":6},"end":{"line":122,"column":null}},"type":"if","locations":[{"start":{"line":119,"column":6},"end":{"line":122,"column":null}},{"start":{},"end":{}}]},"14":{"loc":{"start":{"line":120,"column":21},"end":{"line":120,"column":null}},"type":"binary-expr","locations":[{"start":{"line":120,"column":21},"end":{"line":120,"column":39}},{"start":{"line":120,"column":43},"end":{"line":120,"column":null}}]},"15":{"loc":{"start":{"line":127,"column":6},"end":{"line":131,"column":null}},"type":"if","locations":[{"start":{"line":127,"column":6},"end":{"line":131,"column":null}},{"start":{},"end":{}}]},"16":{"loc":{"start":{"line":128,"column":35},"end":{"line":128,"column":null}},"type":"binary-expr","locations":[{"start":{"line":128,"column":35},"end":{"line":128,"column":44}},{"start":{"line":128,"column":48},"end":{"line":128,"column":null}}]},"17":{"loc":{"start":{"line":145,"column":6},"end":{"line":148,"column":null}},"type":"if","locations":[{"start":{"line":145,"column":6},"end":{"line":148,"column":null}},{"start":{},"end":{}}]},"18":{"loc":{"start":{"line":145,"column":10},"end":{"line":145,"column":50}},"type":"binary-expr","locations":[{"start":{"line":145,"column":10},"end":{"line":145,"column":29}},{"start":{"line":145,"column":29},"end":{"line":145,"column":50}}]},"19":{"loc":{"start":{"line":151,"column":6},"end":{"line":155,"column":null}},"type":"if","locations":[{"start":{"line":151,"column":6},"end":{"line":155,"column":null}},{"start":{},"end":{}}]},"20":{"loc":{"start":{"line":158,"column":6},"end":{"line":161,"column":null}},"type":"if","locations":[{"start":{"line":158,"column":6},"end":{"line":161,"column":null}},{"start":{},"end":{}}]}},"s":{"0":0,"1":0,"2":0,"3":0,"4":0,"5":0,"6":0,"7":0,"8":0,"9":0,"10":0,"11":0,"12":0,"13":0,"14":0,"15":0,"16":0,"17":0,"18":0,"19":0,"20":0,"21":0,"22":0,"23":0,"24":0,"25":0,"26":0,"27":0,"28":0,"29":0,"30":0,"31":0,"32":0,"33":0,"34":0,"35":0,"36":0,"37":0,"38":0,"39":0,"40":0,"41":0},"f":{"0":0,"1":0,"2":0,"3":0,"4":0,"5":0},"b":{"0":[0,0],"1":[0,0],"2":[0,0],"3":[0,0],"4":[0,0],"5":[0,0],"6":[0,0],"7":[0,0],"8":[0,0],"9":[0,0],"10":[0,0],"11":[0,0],"12":[0,0],"13":[0,0],"14":[0,0],"15":[0,0],"16":[0,0],"17":[0,0],"18":[0,0],"19":[0,0],"20":[0,0]}}
,"C:\\Users\\jessi\\Downloads\\shareup-extracted\\lib\\utils.ts": {"path":"C:\\Users\\jessi\\Downloads\\shareup-extracted\\lib\\utils.ts","statementMap":{"0":{"start":{"line":4,"column":16},"end":{"line":4,"column":19}},"1":{"start":{"line":1,"column":38},"end":{"line":1,"column":null}},"2":{"start":{"line":2,"column":24},"end":{"line":2,"column":null}},"3":{"start":{"line":5,"column":2},"end":{"line":5,"column":null}}},"fnMap":{"0":{"name":"cn","decl":{"start":{"line":4,"column":16},"end":{"line":4,"column":19}},"loc":{"start":{"line":4,"column":42},"end":{"line":6,"column":null}}}},"branchMap":{},"s":{"0":61,"1":4,"2":4,"3":61},"f":{"0":61},"b":{}}
}
